2016-04-17 20:06:51,109 - INFO - Model: (kernel: linear, kwargs: {}, 0.001) achieved score 0.925
2016-04-17 20:06:51,174 - INFO - Model: (kernel: linear, kwargs: {}, 0.002) achieved score 0.925
2016-04-17 20:06:51,238 - INFO - Model: (kernel: linear, kwargs: {}, 0.004) achieved score 0.9125
2016-04-17 20:06:51,295 - INFO - Model: (kernel: linear, kwargs: {}, 0.008) achieved score 0.9125
2016-04-17 20:06:51,361 - INFO - Model: (kernel: linear, kwargs: {}, 0.016) achieved score 0.925
2016-04-17 20:06:51,407 - INFO - Model: (kernel: linear, kwargs: {}, 0.032) achieved score 0.9375
2016-04-17 20:06:51,457 - INFO - Model: (kernel: linear, kwargs: {}, 0.064) achieved score 0.9375
2016-04-17 20:06:51,503 - INFO - Model: (kernel: linear, kwargs: {}, 0.128) achieved score 0.925
2016-04-17 20:06:51,571 - INFO - Model: (kernel: linear, kwargs: {}, 0.256) achieved score 0.8375
2016-04-17 20:06:51,621 - INFO - Model: (kernel: linear, kwargs: {}, 0.512) achieved score 0.6875
2016-04-17 20:06:51,657 - INFO - Model: (kernel: linear, kwargs: {}, 1.024) achieved score 0.5625
2016-04-17 20:06:51,696 - INFO - Model: (kernel: linear, kwargs: {}, 2.048) achieved score 0.6375
2016-04-17 20:06:51,729 - INFO - Model: (kernel: linear, kwargs: {}, 4.096) achieved score 0.6
2016-04-17 20:06:51,770 - INFO - Model: (kernel: linear, kwargs: {}, 8.192) achieved score 0.575
2016-04-17 20:06:51,811 - INFO - Model: (kernel: linear, kwargs: {}, 16.384) achieved score 0.5375
2016-04-17 20:06:51,850 - INFO - Model: (kernel: linear, kwargs: {}, 32.768) achieved score 0.5
2016-04-17 20:06:51,896 - INFO - Model: (kernel: linear, kwargs: {}, 65.536) achieved score 0.5
2016-04-17 20:06:51,946 - INFO - Model: (kernel: gaussian, kwargs: {'gamma': 0.0001}, 0.001) achieved score 0.9375
2016-04-17 20:06:52,002 - INFO - Model: (kernel: gaussian, kwargs: {'gamma': 0.0001}, 0.002) achieved score 0.9375
2016-04-17 20:06:52,061 - INFO - Model: (kernel: gaussian, kwargs: {'gamma': 0.0001}, 0.004) achieved score 0.9375
2016-04-17 20:06:52,122 - INFO - Model: (kernel: gaussian, kwargs: {'gamma': 0.0001}, 0.008) achieved score 0.9375
2016-04-17 20:06:52,177 - INFO - Model: (kernel: gaussian, kwargs: {'gamma': 0.0001}, 0.016) achieved score 0.9375
2016-04-17 20:06:52,244 - INFO - Model: (kernel: gaussian, kwargs: {'gamma': 0.0001}, 0.032) achieved score 0.9375
2016-04-17 20:06:52,350 - INFO - Model: (kernel: gaussian, kwargs: {'gamma': 0.0001}, 0.064) achieved score 0.9375
2016-04-17 20:06:52,467 - INFO - Model: (kernel: gaussian, kwargs: {'gamma': 0.0001}, 0.128) achieved score 0.9375
2016-04-17 20:06:52,519 - INFO - Model: (kernel: gaussian, kwargs: {'gamma': 0.0001}, 0.256) achieved score 0.9375
2016-04-17 20:06:52,573 - INFO - Model: (kernel: gaussian, kwargs: {'gamma': 0.0001}, 0.512) achieved score 0.9375
2016-04-17 20:06:52,618 - INFO - Model: (kernel: gaussian, kwargs: {'gamma': 0.0001}, 1.024) achieved score 0.9375
2016-04-17 20:06:52,663 - INFO - Model: (kernel: gaussian, kwargs: {'gamma': 0.0001}, 2.048) achieved score 0.9375
2016-04-17 20:06:52,711 - INFO - Model: (kernel: gaussian, kwargs: {'gamma': 0.0001}, 4.096) achieved score 0.9375
2016-04-17 20:06:52,760 - INFO - Model: (kernel: gaussian, kwargs: {'gamma': 0.0001}, 8.192) achieved score 0.9375
2016-04-17 20:06:52,816 - INFO - Model: (kernel: gaussian, kwargs: {'gamma': 0.0001}, 16.384) achieved score 0.9375
2016-04-17 20:06:52,873 - INFO - Model: (kernel: gaussian, kwargs: {'gamma': 0.0001}, 32.768) achieved score 0.9
2016-04-17 20:06:52,924 - INFO - Model: (kernel: gaussian, kwargs: {'gamma': 0.0001}, 65.536) achieved score 0.9
2016-04-17 20:06:52,976 - INFO - Model: (kernel: gaussian, kwargs: {'gamma': 0.001}, 0.001) achieved score 0.9375
2016-04-17 20:06:53,028 - INFO - Model: (kernel: gaussian, kwargs: {'gamma': 0.001}, 0.002) achieved score 0.9375
2016-04-17 20:06:53,078 - INFO - Model: (kernel: gaussian, kwargs: {'gamma': 0.001}, 0.004) achieved score 0.9375
2016-04-17 20:06:53,130 - INFO - Model: (kernel: gaussian, kwargs: {'gamma': 0.001}, 0.008) achieved score 0.9375
2016-04-17 20:06:53,179 - INFO - Model: (kernel: gaussian, kwargs: {'gamma': 0.001}, 0.016) achieved score 0.9375
2016-04-17 20:06:53,232 - INFO - Model: (kernel: gaussian, kwargs: {'gamma': 0.001}, 0.032) achieved score 0.9375
2016-04-17 20:06:53,285 - INFO - Model: (kernel: gaussian, kwargs: {'gamma': 0.001}, 0.064) achieved score 0.9375
2016-04-17 20:06:53,333 - INFO - Model: (kernel: gaussian, kwargs: {'gamma': 0.001}, 0.128) achieved score 0.9375
2016-04-17 20:06:53,386 - INFO - Model: (kernel: gaussian, kwargs: {'gamma': 0.001}, 0.256) achieved score 0.9375
2016-04-17 20:06:53,434 - INFO - Model: (kernel: gaussian, kwargs: {'gamma': 0.001}, 0.512) achieved score 0.9375
2016-04-17 20:06:53,500 - INFO - Model: (kernel: gaussian, kwargs: {'gamma': 0.001}, 1.024) achieved score 0.9375
2016-04-17 20:06:53,553 - INFO - Model: (kernel: gaussian, kwargs: {'gamma': 0.001}, 2.048) achieved score 0.9125
2016-04-17 20:06:53,614 - INFO - Model: (kernel: gaussian, kwargs: {'gamma': 0.001}, 4.096) achieved score 0.8875
2016-04-17 20:06:53,718 - INFO - Model: (kernel: gaussian, kwargs: {'gamma': 0.001}, 8.192) achieved score 0.9125
2016-04-17 20:06:53,780 - INFO - Model: (kernel: gaussian, kwargs: {'gamma': 0.001}, 16.384) achieved score 0.9375
2016-04-17 20:06:53,864 - INFO - Model: (kernel: gaussian, kwargs: {'gamma': 0.001}, 32.768) achieved score 0.9375
2016-04-17 20:06:53,929 - INFO - Model: (kernel: gaussian, kwargs: {'gamma': 0.001}, 65.536) achieved score 0.8375
2016-04-17 20:06:53,987 - INFO - Model: (kernel: gaussian, kwargs: {'gamma': 0.01}, 0.001) achieved score 0.9375
2016-04-17 20:06:54,037 - INFO - Model: (kernel: gaussian, kwargs: {'gamma': 0.01}, 0.002) achieved score 0.9375
2016-04-17 20:06:54,091 - INFO - Model: (kernel: gaussian, kwargs: {'gamma': 0.01}, 0.004) achieved score 0.9375
2016-04-17 20:06:54,140 - INFO - Model: (kernel: gaussian, kwargs: {'gamma': 0.01}, 0.008) achieved score 0.9375
2016-04-17 20:06:54,192 - INFO - Model: (kernel: gaussian, kwargs: {'gamma': 0.01}, 0.016) achieved score 0.9375
2016-04-17 20:06:54,243 - INFO - Model: (kernel: gaussian, kwargs: {'gamma': 0.01}, 0.032) achieved score 0.9375
2016-04-17 20:06:54,293 - INFO - Model: (kernel: gaussian, kwargs: {'gamma': 0.01}, 0.064) achieved score 0.9375
2016-04-17 20:06:54,341 - INFO - Model: (kernel: gaussian, kwargs: {'gamma': 0.01}, 0.128) achieved score 0.9375
2016-04-17 20:06:54,395 - INFO - Model: (kernel: gaussian, kwargs: {'gamma': 0.01}, 0.256) achieved score 0.925
2016-04-17 20:06:54,447 - INFO - Model: (kernel: gaussian, kwargs: {'gamma': 0.01}, 0.512) achieved score 0.9
2016-04-17 20:06:54,536 - INFO - Model: (kernel: gaussian, kwargs: {'gamma': 0.01}, 1.024) achieved score 0.925
2016-04-17 20:06:54,600 - INFO - Model: (kernel: gaussian, kwargs: {'gamma': 0.01}, 2.048) achieved score 0.95
2016-04-17 20:06:54,660 - INFO - Model: (kernel: gaussian, kwargs: {'gamma': 0.01}, 4.096) achieved score 0.9125
2016-04-17 20:06:54,703 - INFO - Model: (kernel: gaussian, kwargs: {'gamma': 0.01}, 8.192) achieved score 0.775
2016-04-17 20:06:54,758 - INFO - Model: (kernel: gaussian, kwargs: {'gamma': 0.01}, 16.384) achieved score 0.8125
2016-04-17 20:06:54,822 - INFO - Model: (kernel: gaussian, kwargs: {'gamma': 0.01}, 32.768) achieved score 0.7625
2016-04-17 20:06:54,901 - INFO - Model: (kernel: gaussian, kwargs: {'gamma': 0.01}, 65.536) achieved score 0.6375
2016-04-17 20:06:54,977 - INFO - Model: (kernel: gaussian, kwargs: {'gamma': 0.1}, 0.001) achieved score 0.925
2016-04-17 20:06:55,040 - INFO - Model: (kernel: gaussian, kwargs: {'gamma': 0.1}, 0.002) achieved score 0.925
2016-04-17 20:06:55,105 - INFO - Model: (kernel: gaussian, kwargs: {'gamma': 0.1}, 0.004) achieved score 0.925
2016-04-17 20:06:55,160 - INFO - Model: (kernel: gaussian, kwargs: {'gamma': 0.1}, 0.008) achieved score 0.925
2016-04-17 20:06:55,211 - INFO - Model: (kernel: gaussian, kwargs: {'gamma': 0.1}, 0.016) achieved score 0.925
2016-04-17 20:06:55,262 - INFO - Model: (kernel: gaussian, kwargs: {'gamma': 0.1}, 0.032) achieved score 0.925
2016-04-17 20:06:55,314 - INFO - Model: (kernel: gaussian, kwargs: {'gamma': 0.1}, 0.064) achieved score 0.925
2016-04-17 20:06:55,397 - INFO - Model: (kernel: gaussian, kwargs: {'gamma': 0.1}, 0.128) achieved score 0.95
2016-04-17 20:06:55,453 - INFO - Model: (kernel: gaussian, kwargs: {'gamma': 0.1}, 0.256) achieved score 0.9375
2016-04-17 20:06:55,498 - INFO - Model: (kernel: gaussian, kwargs: {'gamma': 0.1}, 0.512) achieved score 0.95
2016-04-17 20:06:55,540 - INFO - Model: (kernel: gaussian, kwargs: {'gamma': 0.1}, 1.024) achieved score 0.9375
2016-04-17 20:06:55,596 - INFO - Model: (kernel: gaussian, kwargs: {'gamma': 0.1}, 2.048) achieved score 0.9125
2016-04-17 20:06:55,647 - INFO - Model: (kernel: gaussian, kwargs: {'gamma': 0.1}, 4.096) achieved score 0.85
2016-04-17 20:06:55,683 - INFO - Model: (kernel: gaussian, kwargs: {'gamma': 0.1}, 8.192) achieved score 0.7375
2016-04-17 20:06:55,727 - INFO - Model: (kernel: gaussian, kwargs: {'gamma': 0.1}, 16.384) achieved score 0.725
2016-04-17 20:06:55,807 - INFO - Model: (kernel: gaussian, kwargs: {'gamma': 0.1}, 32.768) achieved score 0.5625
2016-04-17 20:06:55,938 - INFO - Model: (kernel: gaussian, kwargs: {'gamma': 0.1}, 65.536) achieved score 0.575
2016-04-17 20:06:56,031 - INFO - Model: (kernel: gaussian, kwargs: {'gamma': 1.0}, 0.001) achieved score 0.925
2016-04-17 20:06:56,089 - INFO - Model: (kernel: gaussian, kwargs: {'gamma': 1.0}, 0.002) achieved score 0.925
2016-04-17 20:06:56,139 - INFO - Model: (kernel: gaussian, kwargs: {'gamma': 1.0}, 0.004) achieved score 0.925
2016-04-17 20:06:56,192 - INFO - Model: (kernel: gaussian, kwargs: {'gamma': 1.0}, 0.008) achieved score 0.925
2016-04-17 20:06:56,247 - INFO - Model: (kernel: gaussian, kwargs: {'gamma': 1.0}, 0.016) achieved score 0.925
2016-04-17 20:06:56,309 - INFO - Model: (kernel: gaussian, kwargs: {'gamma': 1.0}, 0.032) achieved score 0.925
2016-04-17 20:06:56,381 - INFO - Model: (kernel: gaussian, kwargs: {'gamma': 1.0}, 0.064) achieved score 0.925
2016-04-17 20:06:56,445 - INFO - Model: (kernel: gaussian, kwargs: {'gamma': 1.0}, 0.128) achieved score 0.925
2016-04-17 20:06:56,520 - INFO - Model: (kernel: gaussian, kwargs: {'gamma': 1.0}, 0.256) achieved score 0.95
2016-04-17 20:06:56,574 - INFO - Model: (kernel: gaussian, kwargs: {'gamma': 1.0}, 0.512) achieved score 0.925
2016-04-17 20:06:56,632 - INFO - Model: (kernel: gaussian, kwargs: {'gamma': 1.0}, 1.024) achieved score 0.9375
2016-04-17 20:06:56,679 - INFO - Model: (kernel: gaussian, kwargs: {'gamma': 1.0}, 2.048) achieved score 0.9125
2016-04-17 20:06:56,721 - INFO - Model: (kernel: gaussian, kwargs: {'gamma': 1.0}, 4.096) achieved score 0.875
2016-04-17 20:06:56,770 - INFO - Model: (kernel: gaussian, kwargs: {'gamma': 1.0}, 8.192) achieved score 0.9125
2016-04-17 20:06:56,819 - INFO - Model: (kernel: gaussian, kwargs: {'gamma': 1.0}, 16.384) achieved score 0.875
2016-04-17 20:06:56,879 - INFO - Model: (kernel: gaussian, kwargs: {'gamma': 1.0}, 32.768) achieved score 0.8875
2016-04-17 20:06:56,942 - INFO - Model: (kernel: gaussian, kwargs: {'gamma': 1.0}, 65.536) achieved score 0.875
2016-04-17 20:06:57,004 - INFO - Model: (kernel: gaussian, kwargs: {'gamma': 10.0}, 0.001) achieved score 0.8875
2016-04-17 20:06:57,055 - INFO - Model: (kernel: gaussian, kwargs: {'gamma': 10.0}, 0.002) achieved score 0.8875
2016-04-17 20:06:57,111 - INFO - Model: (kernel: gaussian, kwargs: {'gamma': 10.0}, 0.004) achieved score 0.8875
2016-04-17 20:06:57,163 - INFO - Model: (kernel: gaussian, kwargs: {'gamma': 10.0}, 0.008) achieved score 0.8875
2016-04-17 20:06:57,218 - INFO - Model: (kernel: gaussian, kwargs: {'gamma': 10.0}, 0.016) achieved score 0.8875
2016-04-17 20:06:57,269 - INFO - Model: (kernel: gaussian, kwargs: {'gamma': 10.0}, 0.032) achieved score 0.8875
2016-04-17 20:06:57,317 - INFO - Model: (kernel: gaussian, kwargs: {'gamma': 10.0}, 0.064) achieved score 0.8875
2016-04-17 20:06:57,387 - INFO - Model: (kernel: gaussian, kwargs: {'gamma': 10.0}, 0.128) achieved score 0.8875
2016-04-17 20:06:57,448 - INFO - Model: (kernel: gaussian, kwargs: {'gamma': 10.0}, 0.256) achieved score 0.8875
2016-04-17 20:06:57,503 - INFO - Model: (kernel: gaussian, kwargs: {'gamma': 10.0}, 0.512) achieved score 0.8875
2016-04-17 20:06:57,578 - INFO - Model: (kernel: gaussian, kwargs: {'gamma': 10.0}, 1.024) achieved score 0.875
2016-04-17 20:06:57,656 - INFO - Model: (kernel: gaussian, kwargs: {'gamma': 10.0}, 2.048) achieved score 0.875
2016-04-17 20:06:57,715 - INFO - Model: (kernel: gaussian, kwargs: {'gamma': 10.0}, 4.096) achieved score 0.875
2016-04-17 20:06:57,772 - INFO - Model: (kernel: gaussian, kwargs: {'gamma': 10.0}, 8.192) achieved score 0.875
2016-04-17 20:06:57,827 - INFO - Model: (kernel: gaussian, kwargs: {'gamma': 10.0}, 16.384) achieved score 0.875
2016-04-17 20:06:57,883 - INFO - Model: (kernel: gaussian, kwargs: {'gamma': 10.0}, 32.768) achieved score 0.875
2016-04-17 20:06:57,938 - INFO - Model: (kernel: gaussian, kwargs: {'gamma': 10.0}, 65.536) achieved score 0.875
2016-04-17 20:06:57,998 - INFO - Model: (kernel: gaussian, kwargs: {'gamma': 100.0}, 0.001) achieved score 0.625
2016-04-17 20:06:58,053 - INFO - Model: (kernel: gaussian, kwargs: {'gamma': 100.0}, 0.002) achieved score 0.625
2016-04-17 20:06:58,113 - INFO - Model: (kernel: gaussian, kwargs: {'gamma': 100.0}, 0.004) achieved score 0.625
2016-04-17 20:06:58,175 - INFO - Model: (kernel: gaussian, kwargs: {'gamma': 100.0}, 0.008) achieved score 0.625
2016-04-17 20:06:58,224 - INFO - Model: (kernel: gaussian, kwargs: {'gamma': 100.0}, 0.016) achieved score 0.625
2016-04-17 20:06:58,271 - INFO - Model: (kernel: gaussian, kwargs: {'gamma': 100.0}, 0.032) achieved score 0.625
2016-04-17 20:06:58,319 - INFO - Model: (kernel: gaussian, kwargs: {'gamma': 100.0}, 0.064) achieved score 0.625
2016-04-17 20:06:58,368 - INFO - Model: (kernel: gaussian, kwargs: {'gamma': 100.0}, 0.128) achieved score 0.625
2016-04-17 20:06:58,415 - INFO - Model: (kernel: gaussian, kwargs: {'gamma': 100.0}, 0.256) achieved score 0.625
2016-04-17 20:06:58,459 - INFO - Model: (kernel: gaussian, kwargs: {'gamma': 100.0}, 0.512) achieved score 0.625
2016-04-17 20:06:58,509 - INFO - Model: (kernel: gaussian, kwargs: {'gamma': 100.0}, 1.024) achieved score 0.625
2016-04-17 20:06:58,554 - INFO - Model: (kernel: gaussian, kwargs: {'gamma': 100.0}, 2.048) achieved score 0.625
2016-04-17 20:06:58,602 - INFO - Model: (kernel: gaussian, kwargs: {'gamma': 100.0}, 4.096) achieved score 0.625
2016-04-17 20:06:58,649 - INFO - Model: (kernel: gaussian, kwargs: {'gamma': 100.0}, 8.192) achieved score 0.625
2016-04-17 20:06:58,698 - INFO - Model: (kernel: gaussian, kwargs: {'gamma': 100.0}, 16.384) achieved score 0.625
2016-04-17 20:06:58,751 - INFO - Model: (kernel: gaussian, kwargs: {'gamma': 100.0}, 32.768) achieved score 0.625
2016-04-17 20:06:58,802 - INFO - Model: (kernel: gaussian, kwargs: {'gamma': 100.0}, 65.536) achieved score 0.625
2016-04-17 20:06:58,853 - INFO - Model: (kernel: gaussian, kwargs: {'gamma': 1000.0}, 0.001) achieved score 0.5
2016-04-17 20:06:58,903 - INFO - Model: (kernel: gaussian, kwargs: {'gamma': 1000.0}, 0.002) achieved score 0.5
2016-04-17 20:06:58,952 - INFO - Model: (kernel: gaussian, kwargs: {'gamma': 1000.0}, 0.004) achieved score 0.5
2016-04-17 20:06:59,005 - INFO - Model: (kernel: gaussian, kwargs: {'gamma': 1000.0}, 0.008) achieved score 0.5
2016-04-17 20:06:59,054 - INFO - Model: (kernel: gaussian, kwargs: {'gamma': 1000.0}, 0.016) achieved score 0.5
2016-04-17 20:06:59,104 - INFO - Model: (kernel: gaussian, kwargs: {'gamma': 1000.0}, 0.032) achieved score 0.5
2016-04-17 20:06:59,151 - INFO - Model: (kernel: gaussian, kwargs: {'gamma': 1000.0}, 0.064) achieved score 0.5
2016-04-17 20:06:59,199 - INFO - Model: (kernel: gaussian, kwargs: {'gamma': 1000.0}, 0.128) achieved score 0.5
2016-04-17 20:06:59,250 - INFO - Model: (kernel: gaussian, kwargs: {'gamma': 1000.0}, 0.256) achieved score 0.5
2016-04-17 20:06:59,296 - INFO - Model: (kernel: gaussian, kwargs: {'gamma': 1000.0}, 0.512) achieved score 0.525
2016-04-17 20:06:59,348 - INFO - Model: (kernel: gaussian, kwargs: {'gamma': 1000.0}, 1.024) achieved score 0.5
2016-04-17 20:06:59,405 - INFO - Model: (kernel: gaussian, kwargs: {'gamma': 1000.0}, 2.048) achieved score 0.5
2016-04-17 20:06:59,461 - INFO - Model: (kernel: gaussian, kwargs: {'gamma': 1000.0}, 4.096) achieved score 0.5
2016-04-17 20:06:59,513 - INFO - Model: (kernel: gaussian, kwargs: {'gamma': 1000.0}, 8.192) achieved score 0.5
2016-04-17 20:06:59,565 - INFO - Model: (kernel: gaussian, kwargs: {'gamma': 1000.0}, 16.384) achieved score 0.5
2016-04-17 20:06:59,618 - INFO - Model: (kernel: gaussian, kwargs: {'gamma': 1000.0}, 32.768) achieved score 0.5
2016-04-17 20:06:59,670 - INFO - Model: (kernel: gaussian, kwargs: {'gamma': 1000.0}, 65.536) achieved score 0.5
2016-04-17 20:06:59,670 - INFO - Best model: (kernel: gaussian, kwargs: {'gamma': 0.01}, 2.048) achieved score 0.95
2016-04-17 20:06:59,686 - INFO - Best model achieved score 0.6 on test data
2016-04-17 20:06:59,739 - INFO - Model: (kernel: linear, kwargs: {}, 0.001) achieved score 0.8625
2016-04-17 20:06:59,792 - INFO - Model: (kernel: linear, kwargs: {}, 0.002) achieved score 0.8625
2016-04-17 20:06:59,848 - INFO - Model: (kernel: linear, kwargs: {}, 0.004) achieved score 0.8625
2016-04-17 20:06:59,900 - INFO - Model: (kernel: linear, kwargs: {}, 0.008) achieved score 0.9
2016-04-17 20:06:59,974 - INFO - Model: (kernel: linear, kwargs: {}, 0.016) achieved score 0.9125
2016-04-17 20:07:00,049 - INFO - Model: (kernel: linear, kwargs: {}, 0.032) achieved score 0.9125
2016-04-17 20:07:00,104 - INFO - Model: (kernel: linear, kwargs: {}, 0.064) achieved score 0.9375
2016-04-17 20:07:00,151 - INFO - Model: (kernel: linear, kwargs: {}, 0.128) achieved score 0.925
2016-04-17 20:07:00,193 - INFO - Model: (kernel: linear, kwargs: {}, 0.256) achieved score 0.875
2016-04-17 20:07:00,232 - INFO - Model: (kernel: linear, kwargs: {}, 0.512) achieved score 0.7125
2016-04-17 20:07:00,270 - INFO - Model: (kernel: linear, kwargs: {}, 1.024) achieved score 0.5375
2016-04-17 20:07:00,306 - INFO - Model: (kernel: linear, kwargs: {}, 2.048) achieved score 0.575
2016-04-17 20:07:00,342 - INFO - Model: (kernel: linear, kwargs: {}, 4.096) achieved score 0.5625
2016-04-17 20:07:00,379 - INFO - Model: (kernel: linear, kwargs: {}, 8.192) achieved score 0.5375
2016-04-17 20:07:00,414 - INFO - Model: (kernel: linear, kwargs: {}, 16.384) achieved score 0.5125
2016-04-17 20:07:00,452 - INFO - Model: (kernel: linear, kwargs: {}, 32.768) achieved score 0.5
2016-04-17 20:07:00,506 - INFO - Model: (kernel: linear, kwargs: {}, 65.536) achieved score 0.5
2016-04-17 20:07:00,559 - INFO - Model: (kernel: gaussian, kwargs: {'gamma': 0.0001}, 0.001) achieved score 0.9125
2016-04-17 20:07:00,610 - INFO - Model: (kernel: gaussian, kwargs: {'gamma': 0.0001}, 0.002) achieved score 0.9125
2016-04-17 20:07:00,665 - INFO - Model: (kernel: gaussian, kwargs: {'gamma': 0.0001}, 0.004) achieved score 0.9125
2016-04-17 20:07:00,715 - INFO - Model: (kernel: gaussian, kwargs: {'gamma': 0.0001}, 0.008) achieved score 0.9125
2016-04-17 20:07:00,762 - INFO - Model: (kernel: gaussian, kwargs: {'gamma': 0.0001}, 0.016) achieved score 0.9125
2016-04-17 20:07:00,814 - INFO - Model: (kernel: gaussian, kwargs: {'gamma': 0.0001}, 0.032) achieved score 0.9125
2016-04-17 20:07:00,870 - INFO - Model: (kernel: gaussian, kwargs: {'gamma': 0.0001}, 0.064) achieved score 0.9125
2016-04-17 20:07:00,923 - INFO - Model: (kernel: gaussian, kwargs: {'gamma': 0.0001}, 0.128) achieved score 0.9125
2016-04-17 20:07:00,975 - INFO - Model: (kernel: gaussian, kwargs: {'gamma': 0.0001}, 0.256) achieved score 0.9125
2016-04-17 20:07:01,088 - INFO - Model: (kernel: gaussian, kwargs: {'gamma': 0.0001}, 0.512) achieved score 0.9125
2016-04-17 20:07:01,173 - INFO - Model: (kernel: gaussian, kwargs: {'gamma': 0.0001}, 1.024) achieved score 0.9125
2016-04-17 20:07:01,224 - INFO - Model: (kernel: gaussian, kwargs: {'gamma': 0.0001}, 2.048) achieved score 0.9125
2016-04-17 20:07:01,275 - INFO - Model: (kernel: gaussian, kwargs: {'gamma': 0.0001}, 4.096) achieved score 0.9125
2016-04-17 20:07:01,321 - INFO - Model: (kernel: gaussian, kwargs: {'gamma': 0.0001}, 8.192) achieved score 0.9125
2016-04-17 20:07:01,378 - INFO - Model: (kernel: gaussian, kwargs: {'gamma': 0.0001}, 16.384) achieved score 0.9125
2016-04-17 20:07:01,430 - INFO - Model: (kernel: gaussian, kwargs: {'gamma': 0.0001}, 32.768) achieved score 0.875
2016-04-17 20:07:01,483 - INFO - Model: (kernel: gaussian, kwargs: {'gamma': 0.0001}, 65.536) achieved score 0.8875
2016-04-17 20:07:01,533 - INFO - Model: (kernel: gaussian, kwargs: {'gamma': 0.001}, 0.001) achieved score 0.9125
2016-04-17 20:07:01,588 - INFO - Model: (kernel: gaussian, kwargs: {'gamma': 0.001}, 0.002) achieved score 0.9125
2016-04-17 20:07:01,653 - INFO - Model: (kernel: gaussian, kwargs: {'gamma': 0.001}, 0.004) achieved score 0.9125
2016-04-17 20:07:01,709 - INFO - Model: (kernel: gaussian, kwargs: {'gamma': 0.001}, 0.008) achieved score 0.9125
2016-04-17 20:07:01,765 - INFO - Model: (kernel: gaussian, kwargs: {'gamma': 0.001}, 0.016) achieved score 0.9125
2016-04-17 20:07:01,813 - INFO - Model: (kernel: gaussian, kwargs: {'gamma': 0.001}, 0.032) achieved score 0.9125
2016-04-17 20:07:01,862 - INFO - Model: (kernel: gaussian, kwargs: {'gamma': 0.001}, 0.064) achieved score 0.9125
2016-04-17 20:07:01,917 - INFO - Model: (kernel: gaussian, kwargs: {'gamma': 0.001}, 0.128) achieved score 0.9125
2016-04-17 20:07:01,965 - INFO - Model: (kernel: gaussian, kwargs: {'gamma': 0.001}, 0.256) achieved score 0.9125
2016-04-17 20:07:02,036 - INFO - Model: (kernel: gaussian, kwargs: {'gamma': 0.001}, 0.512) achieved score 0.9125
2016-04-17 20:07:02,087 - INFO - Model: (kernel: gaussian, kwargs: {'gamma': 0.001}, 1.024) achieved score 0.9125
2016-04-17 20:07:02,149 - INFO - Model: (kernel: gaussian, kwargs: {'gamma': 0.001}, 2.048) achieved score 0.9125
2016-04-17 20:07:02,202 - INFO - Model: (kernel: gaussian, kwargs: {'gamma': 0.001}, 4.096) achieved score 0.85
2016-04-17 20:07:02,257 - INFO - Model: (kernel: gaussian, kwargs: {'gamma': 0.001}, 8.192) achieved score 0.8875
2016-04-17 20:07:02,311 - INFO - Model: (kernel: gaussian, kwargs: {'gamma': 0.001}, 16.384) achieved score 0.925
2016-04-17 20:07:02,369 - INFO - Model: (kernel: gaussian, kwargs: {'gamma': 0.001}, 32.768) achieved score 0.9375
2016-04-17 20:07:02,431 - INFO - Model: (kernel: gaussian, kwargs: {'gamma': 0.001}, 65.536) achieved score 0.8
2016-04-17 20:07:02,486 - INFO - Model: (kernel: gaussian, kwargs: {'gamma': 0.01}, 0.001) achieved score 0.9
2016-04-17 20:07:02,536 - INFO - Model: (kernel: gaussian, kwargs: {'gamma': 0.01}, 0.002) achieved score 0.9
2016-04-17 20:07:02,591 - INFO - Model: (kernel: gaussian, kwargs: {'gamma': 0.01}, 0.004) achieved score 0.9
2016-04-17 20:07:02,646 - INFO - Model: (kernel: gaussian, kwargs: {'gamma': 0.01}, 0.008) achieved score 0.9
2016-04-17 20:07:02,697 - INFO - Model: (kernel: gaussian, kwargs: {'gamma': 0.01}, 0.016) achieved score 0.9
2016-04-17 20:07:02,753 - INFO - Model: (kernel: gaussian, kwargs: {'gamma': 0.01}, 0.032) achieved score 0.9
2016-04-17 20:07:02,809 - INFO - Model: (kernel: gaussian, kwargs: {'gamma': 0.01}, 0.064) achieved score 0.9
2016-04-17 20:07:02,859 - INFO - Model: (kernel: gaussian, kwargs: {'gamma': 0.01}, 0.128) achieved score 0.9
2016-04-17 20:07:02,912 - INFO - Model: (kernel: gaussian, kwargs: {'gamma': 0.01}, 0.256) achieved score 0.9
2016-04-17 20:07:02,963 - INFO - Model: (kernel: gaussian, kwargs: {'gamma': 0.01}, 0.512) achieved score 0.8625
2016-04-17 20:07:03,022 - INFO - Model: (kernel: gaussian, kwargs: {'gamma': 0.01}, 1.024) achieved score 0.8875
2016-04-17 20:07:03,094 - INFO - Model: (kernel: gaussian, kwargs: {'gamma': 0.01}, 2.048) achieved score 0.925
2016-04-17 20:07:03,167 - INFO - Model: (kernel: gaussian, kwargs: {'gamma': 0.01}, 4.096) achieved score 0.9125
2016-04-17 20:07:03,227 - INFO - Model: (kernel: gaussian, kwargs: {'gamma': 0.01}, 8.192) achieved score 0.8
2016-04-17 20:07:03,282 - INFO - Model: (kernel: gaussian, kwargs: {'gamma': 0.01}, 16.384) achieved score 0.775
2016-04-17 20:07:03,339 - INFO - Model: (kernel: gaussian, kwargs: {'gamma': 0.01}, 32.768) achieved score 0.85
2016-04-17 20:07:03,389 - INFO - Model: (kernel: gaussian, kwargs: {'gamma': 0.01}, 65.536) achieved score 0.575
2016-04-17 20:07:03,441 - INFO - Model: (kernel: gaussian, kwargs: {'gamma': 0.1}, 0.001) achieved score 0.9125
2016-04-17 20:07:03,495 - INFO - Model: (kernel: gaussian, kwargs: {'gamma': 0.1}, 0.002) achieved score 0.9125
2016-04-17 20:07:03,551 - INFO - Model: (kernel: gaussian, kwargs: {'gamma': 0.1}, 0.004) achieved score 0.9125
2016-04-17 20:07:03,615 - INFO - Model: (kernel: gaussian, kwargs: {'gamma': 0.1}, 0.008) achieved score 0.9125
2016-04-17 20:07:03,669 - INFO - Model: (kernel: gaussian, kwargs: {'gamma': 0.1}, 0.016) achieved score 0.9125
2016-04-17 20:07:03,723 - INFO - Model: (kernel: gaussian, kwargs: {'gamma': 0.1}, 0.032) achieved score 0.9125
2016-04-17 20:07:03,778 - INFO - Model: (kernel: gaussian, kwargs: {'gamma': 0.1}, 0.064) achieved score 0.9125
2016-04-17 20:07:03,889 - INFO - Model: (kernel: gaussian, kwargs: {'gamma': 0.1}, 0.128) achieved score 0.925
2016-04-17 20:07:03,977 - INFO - Model: (kernel: gaussian, kwargs: {'gamma': 0.1}, 0.256) achieved score 0.925
2016-04-17 20:07:04,051 - INFO - Model: (kernel: gaussian, kwargs: {'gamma': 0.1}, 0.512) achieved score 0.95
2016-04-17 20:07:04,102 - INFO - Model: (kernel: gaussian, kwargs: {'gamma': 0.1}, 1.024) achieved score 0.95
2016-04-17 20:07:04,152 - INFO - Model: (kernel: gaussian, kwargs: {'gamma': 0.1}, 2.048) achieved score 0.875
2016-04-17 20:07:04,198 - INFO - Model: (kernel: gaussian, kwargs: {'gamma': 0.1}, 4.096) achieved score 0.9375
2016-04-17 20:07:04,241 - INFO - Model: (kernel: gaussian, kwargs: {'gamma': 0.1}, 8.192) achieved score 0.7625
2016-04-17 20:07:04,290 - INFO - Model: (kernel: gaussian, kwargs: {'gamma': 0.1}, 16.384) achieved score 0.6
2016-04-17 20:07:04,353 - INFO - Model: (kernel: gaussian, kwargs: {'gamma': 0.1}, 32.768) achieved score 0.5
2016-04-17 20:07:04,420 - INFO - Model: (kernel: gaussian, kwargs: {'gamma': 0.1}, 65.536) achieved score 0.5
2016-04-17 20:07:04,478 - INFO - Model: (kernel: gaussian, kwargs: {'gamma': 1.0}, 0.001) achieved score 0.9375
2016-04-17 20:07:04,534 - INFO - Model: (kernel: gaussian, kwargs: {'gamma': 1.0}, 0.002) achieved score 0.9375
2016-04-17 20:07:04,597 - INFO - Model: (kernel: gaussian, kwargs: {'gamma': 1.0}, 0.004) achieved score 0.9375
2016-04-17 20:07:04,650 - INFO - Model: (kernel: gaussian, kwargs: {'gamma': 1.0}, 0.008) achieved score 0.9375
2016-04-17 20:07:04,700 - INFO - Model: (kernel: gaussian, kwargs: {'gamma': 1.0}, 0.016) achieved score 0.9375
2016-04-17 20:07:04,752 - INFO - Model: (kernel: gaussian, kwargs: {'gamma': 1.0}, 0.032) achieved score 0.9375
2016-04-17 20:07:04,805 - INFO - Model: (kernel: gaussian, kwargs: {'gamma': 1.0}, 0.064) achieved score 0.9375
2016-04-17 20:07:04,860 - INFO - Model: (kernel: gaussian, kwargs: {'gamma': 1.0}, 0.128) achieved score 0.9375
2016-04-17 20:07:04,915 - INFO - Model: (kernel: gaussian, kwargs: {'gamma': 1.0}, 0.256) achieved score 0.9625
2016-04-17 20:07:04,982 - INFO - Model: (kernel: gaussian, kwargs: {'gamma': 1.0}, 0.512) achieved score 0.95
2016-04-17 20:07:05,034 - INFO - Model: (kernel: gaussian, kwargs: {'gamma': 1.0}, 1.024) achieved score 0.95
2016-04-17 20:07:05,083 - INFO - Model: (kernel: gaussian, kwargs: {'gamma': 1.0}, 2.048) achieved score 0.9375
2016-04-17 20:07:05,131 - INFO - Model: (kernel: gaussian, kwargs: {'gamma': 1.0}, 4.096) achieved score 0.9375
2016-04-17 20:07:05,175 - INFO - Model: (kernel: gaussian, kwargs: {'gamma': 1.0}, 8.192) achieved score 0.8625
2016-04-17 20:07:05,224 - INFO - Model: (kernel: gaussian, kwargs: {'gamma': 1.0}, 16.384) achieved score 0.8125
2016-04-17 20:07:05,278 - INFO - Model: (kernel: gaussian, kwargs: {'gamma': 1.0}, 32.768) achieved score 0.825
2016-04-17 20:07:05,352 - INFO - Model: (kernel: gaussian, kwargs: {'gamma': 1.0}, 65.536) achieved score 0.8125
2016-04-17 20:07:05,418 - INFO - Model: (kernel: gaussian, kwargs: {'gamma': 10.0}, 0.001) achieved score 0.9375
2016-04-17 20:07:05,514 - INFO - Model: (kernel: gaussian, kwargs: {'gamma': 10.0}, 0.002) achieved score 0.9375
2016-04-17 20:07:05,590 - INFO - Model: (kernel: gaussian, kwargs: {'gamma': 10.0}, 0.004) achieved score 0.9375
2016-04-17 20:07:05,644 - INFO - Model: (kernel: gaussian, kwargs: {'gamma': 10.0}, 0.008) achieved score 0.9375
2016-04-17 20:07:05,698 - INFO - Model: (kernel: gaussian, kwargs: {'gamma': 10.0}, 0.016) achieved score 0.9375
2016-04-17 20:07:05,752 - INFO - Model: (kernel: gaussian, kwargs: {'gamma': 10.0}, 0.032) achieved score 0.9375
2016-04-17 20:07:05,805 - INFO - Model: (kernel: gaussian, kwargs: {'gamma': 10.0}, 0.064) achieved score 0.9375
2016-04-17 20:07:05,863 - INFO - Model: (kernel: gaussian, kwargs: {'gamma': 10.0}, 0.128) achieved score 0.9375
2016-04-17 20:07:05,917 - INFO - Model: (kernel: gaussian, kwargs: {'gamma': 10.0}, 0.256) achieved score 0.9375
2016-04-17 20:07:06,004 - INFO - Model: (kernel: gaussian, kwargs: {'gamma': 10.0}, 0.512) achieved score 0.9375
2016-04-17 20:07:06,078 - INFO - Model: (kernel: gaussian, kwargs: {'gamma': 10.0}, 1.024) achieved score 0.875
2016-04-17 20:07:06,138 - INFO - Model: (kernel: gaussian, kwargs: {'gamma': 10.0}, 2.048) achieved score 0.875
2016-04-17 20:07:06,188 - INFO - Model: (kernel: gaussian, kwargs: {'gamma': 10.0}, 4.096) achieved score 0.875
2016-04-17 20:07:06,242 - INFO - Model: (kernel: gaussian, kwargs: {'gamma': 10.0}, 8.192) achieved score 0.875
2016-04-17 20:07:06,296 - INFO - Model: (kernel: gaussian, kwargs: {'gamma': 10.0}, 16.384) achieved score 0.875
2016-04-17 20:07:06,363 - INFO - Model: (kernel: gaussian, kwargs: {'gamma': 10.0}, 32.768) achieved score 0.875
2016-04-17 20:07:06,442 - INFO - Model: (kernel: gaussian, kwargs: {'gamma': 10.0}, 65.536) achieved score 0.875
2016-04-17 20:07:06,505 - INFO - Model: (kernel: gaussian, kwargs: {'gamma': 100.0}, 0.001) achieved score 0.575
2016-04-17 20:07:06,558 - INFO - Model: (kernel: gaussian, kwargs: {'gamma': 100.0}, 0.002) achieved score 0.575
2016-04-17 20:07:06,616 - INFO - Model: (kernel: gaussian, kwargs: {'gamma': 100.0}, 0.004) achieved score 0.575
2016-04-17 20:07:06,670 - INFO - Model: (kernel: gaussian, kwargs: {'gamma': 100.0}, 0.008) achieved score 0.575
2016-04-17 20:07:06,722 - INFO - Model: (kernel: gaussian, kwargs: {'gamma': 100.0}, 0.016) achieved score 0.575
2016-04-17 20:07:06,772 - INFO - Model: (kernel: gaussian, kwargs: {'gamma': 100.0}, 0.032) achieved score 0.575
2016-04-17 20:07:06,824 - INFO - Model: (kernel: gaussian, kwargs: {'gamma': 100.0}, 0.064) achieved score 0.575
2016-04-17 20:07:06,878 - INFO - Model: (kernel: gaussian, kwargs: {'gamma': 100.0}, 0.128) achieved score 0.575
2016-04-17 20:07:06,930 - INFO - Model: (kernel: gaussian, kwargs: {'gamma': 100.0}, 0.256) achieved score 0.575
2016-04-17 20:07:07,005 - INFO - Model: (kernel: gaussian, kwargs: {'gamma': 100.0}, 0.512) achieved score 0.575
2016-04-17 20:07:07,063 - INFO - Model: (kernel: gaussian, kwargs: {'gamma': 100.0}, 1.024) achieved score 0.575
2016-04-17 20:07:07,121 - INFO - Model: (kernel: gaussian, kwargs: {'gamma': 100.0}, 2.048) achieved score 0.575
2016-04-17 20:07:07,171 - INFO - Model: (kernel: gaussian, kwargs: {'gamma': 100.0}, 4.096) achieved score 0.575
2016-04-17 20:07:07,225 - INFO - Model: (kernel: gaussian, kwargs: {'gamma': 100.0}, 8.192) achieved score 0.575
2016-04-17 20:07:07,278 - INFO - Model: (kernel: gaussian, kwargs: {'gamma': 100.0}, 16.384) achieved score 0.575
2016-04-17 20:07:07,333 - INFO - Model: (kernel: gaussian, kwargs: {'gamma': 100.0}, 32.768) achieved score 0.575
2016-04-17 20:07:07,398 - INFO - Model: (kernel: gaussian, kwargs: {'gamma': 100.0}, 65.536) achieved score 0.575
2016-04-17 20:07:07,458 - INFO - Model: (kernel: gaussian, kwargs: {'gamma': 1000.0}, 0.001) achieved score 0.5
2016-04-17 20:07:07,511 - INFO - Model: (kernel: gaussian, kwargs: {'gamma': 1000.0}, 0.002) achieved score 0.5
2016-04-17 20:07:07,565 - INFO - Model: (kernel: gaussian, kwargs: {'gamma': 1000.0}, 0.004) achieved score 0.5
2016-04-17 20:07:07,618 - INFO - Model: (kernel: gaussian, kwargs: {'gamma': 1000.0}, 0.008) achieved score 0.525
2016-04-17 20:07:07,670 - INFO - Model: (kernel: gaussian, kwargs: {'gamma': 1000.0}, 0.016) achieved score 0.525
2016-04-17 20:07:07,723 - INFO - Model: (kernel: gaussian, kwargs: {'gamma': 1000.0}, 0.032) achieved score 0.525
2016-04-17 20:07:07,772 - INFO - Model: (kernel: gaussian, kwargs: {'gamma': 1000.0}, 0.064) achieved score 0.5
2016-04-17 20:07:07,823 - INFO - Model: (kernel: gaussian, kwargs: {'gamma': 1000.0}, 0.128) achieved score 0.5
2016-04-17 20:07:07,883 - INFO - Model: (kernel: gaussian, kwargs: {'gamma': 1000.0}, 0.256) achieved score 0.525
2016-04-17 20:07:07,946 - INFO - Model: (kernel: gaussian, kwargs: {'gamma': 1000.0}, 0.512) achieved score 0.525
2016-04-17 20:07:08,020 - INFO - Model: (kernel: gaussian, kwargs: {'gamma': 1000.0}, 1.024) achieved score 0.5
2016-04-17 20:07:08,089 - INFO - Model: (kernel: gaussian, kwargs: {'gamma': 1000.0}, 2.048) achieved score 0.5
2016-04-17 20:07:08,148 - INFO - Model: (kernel: gaussian, kwargs: {'gamma': 1000.0}, 4.096) achieved score 0.5
2016-04-17 20:07:08,203 - INFO - Model: (kernel: gaussian, kwargs: {'gamma': 1000.0}, 8.192) achieved score 0.525
2016-04-17 20:07:08,259 - INFO - Model: (kernel: gaussian, kwargs: {'gamma': 1000.0}, 16.384) achieved score 0.5
2016-04-17 20:07:08,313 - INFO - Model: (kernel: gaussian, kwargs: {'gamma': 1000.0}, 32.768) achieved score 0.5
2016-04-17 20:07:08,371 - INFO - Model: (kernel: gaussian, kwargs: {'gamma': 1000.0}, 65.536) achieved score 0.525
2016-04-17 20:07:08,372 - INFO - Best model: (kernel: gaussian, kwargs: {'gamma': 1.0}, 0.256) achieved score 0.9625
2016-04-17 20:07:08,394 - INFO - Best model achieved score 0.9 on test data
2016-04-17 20:07:08,487 - INFO - Model: (kernel: linear, kwargs: {}, 0.001) achieved score 0.8875
2016-04-17 20:07:08,571 - INFO - Model: (kernel: linear, kwargs: {}, 0.002) achieved score 0.8875
2016-04-17 20:07:08,635 - INFO - Model: (kernel: linear, kwargs: {}, 0.004) achieved score 0.9
2016-04-17 20:07:08,689 - INFO - Model: (kernel: linear, kwargs: {}, 0.008) achieved score 0.9125
2016-04-17 20:07:08,742 - INFO - Model: (kernel: linear, kwargs: {}, 0.016) achieved score 0.925
2016-04-17 20:07:08,788 - INFO - Model: (kernel: linear, kwargs: {}, 0.032) achieved score 0.9375
2016-04-17 20:07:08,829 - INFO - Model: (kernel: linear, kwargs: {}, 0.064) achieved score 0.9375
2016-04-17 20:07:08,881 - INFO - Model: (kernel: linear, kwargs: {}, 0.128) achieved score 0.95
2016-04-17 20:07:08,922 - INFO - Model: (kernel: linear, kwargs: {}, 0.256) achieved score 0.9625
2016-04-17 20:07:08,975 - INFO - Model: (kernel: linear, kwargs: {}, 0.512) achieved score 0.975
2016-04-17 20:07:09,027 - INFO - Model: (kernel: linear, kwargs: {}, 1.024) achieved score 0.775
2016-04-17 20:07:09,077 - INFO - Model: (kernel: linear, kwargs: {}, 2.048) achieved score 0.65
2016-04-17 20:07:09,115 - INFO - Model: (kernel: linear, kwargs: {}, 4.096) achieved score 0.625
2016-04-17 20:07:09,169 - INFO - Model: (kernel: linear, kwargs: {}, 8.192) achieved score 0.5375
2016-04-17 20:07:09,220 - INFO - Model: (kernel: linear, kwargs: {}, 16.384) achieved score 0.5625
2016-04-17 20:07:09,277 - INFO - Model: (kernel: linear, kwargs: {}, 32.768) achieved score 0.525
2016-04-17 20:07:09,345 - INFO - Model: (kernel: linear, kwargs: {}, 65.536) achieved score 0.525
2016-04-17 20:07:09,414 - INFO - Model: (kernel: gaussian, kwargs: {'gamma': 0.0001}, 0.001) achieved score 0.8875
2016-04-17 20:07:09,476 - INFO - Model: (kernel: gaussian, kwargs: {'gamma': 0.0001}, 0.002) achieved score 0.8875
2016-04-17 20:07:09,551 - INFO - Model: (kernel: gaussian, kwargs: {'gamma': 0.0001}, 0.004) achieved score 0.8875
2016-04-17 20:07:09,605 - INFO - Model: (kernel: gaussian, kwargs: {'gamma': 0.0001}, 0.008) achieved score 0.8875
2016-04-17 20:07:09,659 - INFO - Model: (kernel: gaussian, kwargs: {'gamma': 0.0001}, 0.016) achieved score 0.8875
2016-04-17 20:07:09,710 - INFO - Model: (kernel: gaussian, kwargs: {'gamma': 0.0001}, 0.032) achieved score 0.8875
2016-04-17 20:07:09,760 - INFO - Model: (kernel: gaussian, kwargs: {'gamma': 0.0001}, 0.064) achieved score 0.8875
2016-04-17 20:07:09,814 - INFO - Model: (kernel: gaussian, kwargs: {'gamma': 0.0001}, 0.128) achieved score 0.8875
2016-04-17 20:07:09,867 - INFO - Model: (kernel: gaussian, kwargs: {'gamma': 0.0001}, 0.256) achieved score 0.8875
2016-04-17 20:07:09,920 - INFO - Model: (kernel: gaussian, kwargs: {'gamma': 0.0001}, 0.512) achieved score 0.8875
2016-04-17 20:07:09,972 - INFO - Model: (kernel: gaussian, kwargs: {'gamma': 0.0001}, 1.024) achieved score 0.8875
2016-04-17 20:07:10,033 - INFO - Model: (kernel: gaussian, kwargs: {'gamma': 0.0001}, 2.048) achieved score 0.8875
2016-04-17 20:07:10,097 - INFO - Model: (kernel: gaussian, kwargs: {'gamma': 0.0001}, 4.096) achieved score 0.8875
2016-04-17 20:07:10,163 - INFO - Model: (kernel: gaussian, kwargs: {'gamma': 0.0001}, 8.192) achieved score 0.8875
2016-04-17 20:07:10,220 - INFO - Model: (kernel: gaussian, kwargs: {'gamma': 0.0001}, 16.384) achieved score 0.8875
2016-04-17 20:07:10,276 - INFO - Model: (kernel: gaussian, kwargs: {'gamma': 0.0001}, 32.768) achieved score 0.875
2016-04-17 20:07:10,333 - INFO - Model: (kernel: gaussian, kwargs: {'gamma': 0.0001}, 65.536) achieved score 0.8875
2016-04-17 20:07:10,392 - INFO - Model: (kernel: gaussian, kwargs: {'gamma': 0.001}, 0.001) achieved score 0.8875
2016-04-17 20:07:10,446 - INFO - Model: (kernel: gaussian, kwargs: {'gamma': 0.001}, 0.002) achieved score 0.8875
2016-04-17 20:07:10,505 - INFO - Model: (kernel: gaussian, kwargs: {'gamma': 0.001}, 0.004) achieved score 0.8875
2016-04-17 20:07:10,571 - INFO - Model: (kernel: gaussian, kwargs: {'gamma': 0.001}, 0.008) achieved score 0.8875
2016-04-17 20:07:10,640 - INFO - Model: (kernel: gaussian, kwargs: {'gamma': 0.001}, 0.016) achieved score 0.8875
2016-04-17 20:07:10,709 - INFO - Model: (kernel: gaussian, kwargs: {'gamma': 0.001}, 0.032) achieved score 0.8875
2016-04-17 20:07:10,761 - INFO - Model: (kernel: gaussian, kwargs: {'gamma': 0.001}, 0.064) achieved score 0.8875
2016-04-17 20:07:10,811 - INFO - Model: (kernel: gaussian, kwargs: {'gamma': 0.001}, 0.128) achieved score 0.8875
2016-04-17 20:07:10,867 - INFO - Model: (kernel: gaussian, kwargs: {'gamma': 0.001}, 0.256) achieved score 0.8875
2016-04-17 20:07:10,918 - INFO - Model: (kernel: gaussian, kwargs: {'gamma': 0.001}, 0.512) achieved score 0.8875
2016-04-17 20:07:10,970 - INFO - Model: (kernel: gaussian, kwargs: {'gamma': 0.001}, 1.024) achieved score 0.8875
2016-04-17 20:07:11,033 - INFO - Model: (kernel: gaussian, kwargs: {'gamma': 0.001}, 2.048) achieved score 0.8875
2016-04-17 20:07:11,085 - INFO - Model: (kernel: gaussian, kwargs: {'gamma': 0.001}, 4.096) achieved score 0.8875
2016-04-17 20:07:11,146 - INFO - Model: (kernel: gaussian, kwargs: {'gamma': 0.001}, 8.192) achieved score 0.9125
2016-04-17 20:07:11,202 - INFO - Model: (kernel: gaussian, kwargs: {'gamma': 0.001}, 16.384) achieved score 0.8625
2016-04-17 20:07:11,264 - INFO - Model: (kernel: gaussian, kwargs: {'gamma': 0.001}, 32.768) achieved score 0.875
2016-04-17 20:07:11,327 - INFO - Model: (kernel: gaussian, kwargs: {'gamma': 0.001}, 65.536) achieved score 0.6875
2016-04-17 20:07:11,383 - INFO - Model: (kernel: gaussian, kwargs: {'gamma': 0.01}, 0.001) achieved score 0.8875
2016-04-17 20:07:11,437 - INFO - Model: (kernel: gaussian, kwargs: {'gamma': 0.01}, 0.002) achieved score 0.8875
2016-04-17 20:07:11,491 - INFO - Model: (kernel: gaussian, kwargs: {'gamma': 0.01}, 0.004) achieved score 0.8875
2016-04-17 20:07:11,543 - INFO - Model: (kernel: gaussian, kwargs: {'gamma': 0.01}, 0.008) achieved score 0.8875
2016-04-17 20:07:11,599 - INFO - Model: (kernel: gaussian, kwargs: {'gamma': 0.01}, 0.016) achieved score 0.8875
2016-04-17 20:07:11,653 - INFO - Model: (kernel: gaussian, kwargs: {'gamma': 0.01}, 0.032) achieved score 0.8875
2016-04-17 20:07:11,705 - INFO - Model: (kernel: gaussian, kwargs: {'gamma': 0.01}, 0.064) achieved score 0.8875
2016-04-17 20:07:11,759 - INFO - Model: (kernel: gaussian, kwargs: {'gamma': 0.01}, 0.128) achieved score 0.8875
2016-04-17 20:07:11,815 - INFO - Model: (kernel: gaussian, kwargs: {'gamma': 0.01}, 0.256) achieved score 0.8875
2016-04-17 20:07:11,881 - INFO - Model: (kernel: gaussian, kwargs: {'gamma': 0.01}, 0.512) achieved score 0.9
2016-04-17 20:07:11,936 - INFO - Model: (kernel: gaussian, kwargs: {'gamma': 0.01}, 1.024) achieved score 0.9375
2016-04-17 20:07:11,989 - INFO - Model: (kernel: gaussian, kwargs: {'gamma': 0.01}, 2.048) achieved score 0.9375
2016-04-17 20:07:12,038 - INFO - Model: (kernel: gaussian, kwargs: {'gamma': 0.01}, 4.096) achieved score 0.8125
2016-04-17 20:07:12,094 - INFO - Model: (kernel: gaussian, kwargs: {'gamma': 0.01}, 8.192) achieved score 0.6875
2016-04-17 20:07:12,161 - INFO - Model: (kernel: gaussian, kwargs: {'gamma': 0.01}, 16.384) achieved score 0.6375
2016-04-17 20:07:12,241 - INFO - Model: (kernel: gaussian, kwargs: {'gamma': 0.01}, 32.768) achieved score 0.575
2016-04-17 20:07:12,305 - INFO - Model: (kernel: gaussian, kwargs: {'gamma': 0.01}, 65.536) achieved score 0.5625
2016-04-17 20:07:12,365 - INFO - Model: (kernel: gaussian, kwargs: {'gamma': 0.1}, 0.001) achieved score 0.9125
2016-04-17 20:07:12,432 - INFO - Model: (kernel: gaussian, kwargs: {'gamma': 0.1}, 0.002) achieved score 0.9125
2016-04-17 20:07:12,486 - INFO - Model: (kernel: gaussian, kwargs: {'gamma': 0.1}, 0.004) achieved score 0.9125
2016-04-17 20:07:12,541 - INFO - Model: (kernel: gaussian, kwargs: {'gamma': 0.1}, 0.008) achieved score 0.9125
2016-04-17 20:07:12,602 - INFO - Model: (kernel: gaussian, kwargs: {'gamma': 0.1}, 0.016) achieved score 0.9125
2016-04-17 20:07:12,656 - INFO - Model: (kernel: gaussian, kwargs: {'gamma': 0.1}, 0.032) achieved score 0.9125
2016-04-17 20:07:12,714 - INFO - Model: (kernel: gaussian, kwargs: {'gamma': 0.1}, 0.064) achieved score 0.9125
2016-04-17 20:07:12,774 - INFO - Model: (kernel: gaussian, kwargs: {'gamma': 0.1}, 0.128) achieved score 0.9375
2016-04-17 20:07:12,823 - INFO - Model: (kernel: gaussian, kwargs: {'gamma': 0.1}, 0.256) achieved score 0.9625
2016-04-17 20:07:12,871 - INFO - Model: (kernel: gaussian, kwargs: {'gamma': 0.1}, 0.512) achieved score 0.9625
2016-04-17 20:07:12,917 - INFO - Model: (kernel: gaussian, kwargs: {'gamma': 0.1}, 1.024) achieved score 0.9
2016-04-17 20:07:12,958 - INFO - Model: (kernel: gaussian, kwargs: {'gamma': 0.1}, 2.048) achieved score 0.825
2016-04-17 20:07:13,005 - INFO - Model: (kernel: gaussian, kwargs: {'gamma': 0.1}, 4.096) achieved score 0.9125
2016-04-17 20:07:13,044 - INFO - Model: (kernel: gaussian, kwargs: {'gamma': 0.1}, 8.192) achieved score 0.625
2016-04-17 20:07:13,084 - INFO - Model: (kernel: gaussian, kwargs: {'gamma': 0.1}, 16.384) achieved score 0.5875
2016-04-17 20:07:13,129 - INFO - Model: (kernel: gaussian, kwargs: {'gamma': 0.1}, 32.768) achieved score 0.55
2016-04-17 20:07:13,178 - INFO - Model: (kernel: gaussian, kwargs: {'gamma': 0.1}, 65.536) achieved score 0.6625
2016-04-17 20:07:13,248 - INFO - Model: (kernel: gaussian, kwargs: {'gamma': 1.0}, 0.001) achieved score 0.975
2016-04-17 20:07:13,315 - INFO - Model: (kernel: gaussian, kwargs: {'gamma': 1.0}, 0.002) achieved score 0.975
2016-04-17 20:07:13,380 - INFO - Model: (kernel: gaussian, kwargs: {'gamma': 1.0}, 0.004) achieved score 0.975
2016-04-17 20:07:13,436 - INFO - Model: (kernel: gaussian, kwargs: {'gamma': 1.0}, 0.008) achieved score 0.975
2016-04-17 20:07:13,489 - INFO - Model: (kernel: gaussian, kwargs: {'gamma': 1.0}, 0.016) achieved score 0.975
2016-04-17 20:07:13,542 - INFO - Model: (kernel: gaussian, kwargs: {'gamma': 1.0}, 0.032) achieved score 0.975
2016-04-17 20:07:13,599 - INFO - Model: (kernel: gaussian, kwargs: {'gamma': 1.0}, 0.064) achieved score 0.975
2016-04-17 20:07:13,654 - INFO - Model: (kernel: gaussian, kwargs: {'gamma': 1.0}, 0.128) achieved score 0.975
2016-04-17 20:07:13,711 - INFO - Model: (kernel: gaussian, kwargs: {'gamma': 1.0}, 0.256) achieved score 0.9875
2016-04-17 20:07:13,789 - INFO - Model: (kernel: gaussian, kwargs: {'gamma': 1.0}, 0.512) achieved score 0.95
2016-04-17 20:07:13,849 - INFO - Model: (kernel: gaussian, kwargs: {'gamma': 1.0}, 1.024) achieved score 0.95
2016-04-17 20:07:13,900 - INFO - Model: (kernel: gaussian, kwargs: {'gamma': 1.0}, 2.048) achieved score 0.9375
2016-04-17 20:07:13,950 - INFO - Model: (kernel: gaussian, kwargs: {'gamma': 1.0}, 4.096) achieved score 0.95
2016-04-17 20:07:14,009 - INFO - Model: (kernel: gaussian, kwargs: {'gamma': 1.0}, 8.192) achieved score 0.8875
2016-04-17 20:07:14,066 - INFO - Model: (kernel: gaussian, kwargs: {'gamma': 1.0}, 16.384) achieved score 0.8875
2016-04-17 20:07:14,125 - INFO - Model: (kernel: gaussian, kwargs: {'gamma': 1.0}, 32.768) achieved score 0.8875
2016-04-17 20:07:14,183 - INFO - Model: (kernel: gaussian, kwargs: {'gamma': 1.0}, 65.536) achieved score 0.8875
2016-04-17 20:07:14,235 - INFO - Model: (kernel: gaussian, kwargs: {'gamma': 10.0}, 0.001) achieved score 0.9375
2016-04-17 20:07:14,288 - INFO - Model: (kernel: gaussian, kwargs: {'gamma': 10.0}, 0.002) achieved score 0.9375
2016-04-17 20:07:14,347 - INFO - Model: (kernel: gaussian, kwargs: {'gamma': 10.0}, 0.004) achieved score 0.9375
2016-04-17 20:07:14,403 - INFO - Model: (kernel: gaussian, kwargs: {'gamma': 10.0}, 0.008) achieved score 0.9375
2016-04-17 20:07:14,460 - INFO - Model: (kernel: gaussian, kwargs: {'gamma': 10.0}, 0.016) achieved score 0.9375
2016-04-17 20:07:14,516 - INFO - Model: (kernel: gaussian, kwargs: {'gamma': 10.0}, 0.032) achieved score 0.9375
2016-04-17 20:07:14,565 - INFO - Model: (kernel: gaussian, kwargs: {'gamma': 10.0}, 0.064) achieved score 0.9375
2016-04-17 20:07:14,620 - INFO - Model: (kernel: gaussian, kwargs: {'gamma': 10.0}, 0.128) achieved score 0.9375
2016-04-17 20:07:14,673 - INFO - Model: (kernel: gaussian, kwargs: {'gamma': 10.0}, 0.256) achieved score 0.9375
2016-04-17 20:07:14,725 - INFO - Model: (kernel: gaussian, kwargs: {'gamma': 10.0}, 0.512) achieved score 0.9375
2016-04-17 20:07:14,782 - INFO - Model: (kernel: gaussian, kwargs: {'gamma': 10.0}, 1.024) achieved score 0.825
2016-04-17 20:07:14,831 - INFO - Model: (kernel: gaussian, kwargs: {'gamma': 10.0}, 2.048) achieved score 0.825
2016-04-17 20:07:14,892 - INFO - Model: (kernel: gaussian, kwargs: {'gamma': 10.0}, 4.096) achieved score 0.825
2016-04-17 20:07:14,944 - INFO - Model: (kernel: gaussian, kwargs: {'gamma': 10.0}, 8.192) achieved score 0.825
2016-04-17 20:07:14,996 - INFO - Model: (kernel: gaussian, kwargs: {'gamma': 10.0}, 16.384) achieved score 0.825
2016-04-17 20:07:15,051 - INFO - Model: (kernel: gaussian, kwargs: {'gamma': 10.0}, 32.768) achieved score 0.825
2016-04-17 20:07:15,114 - INFO - Model: (kernel: gaussian, kwargs: {'gamma': 10.0}, 65.536) achieved score 0.825
2016-04-17 20:07:15,167 - INFO - Model: (kernel: gaussian, kwargs: {'gamma': 100.0}, 0.001) achieved score 0.6
2016-04-17 20:07:15,229 - INFO - Model: (kernel: gaussian, kwargs: {'gamma': 100.0}, 0.002) achieved score 0.6
2016-04-17 20:07:15,299 - INFO - Model: (kernel: gaussian, kwargs: {'gamma': 100.0}, 0.004) achieved score 0.6
2016-04-17 20:07:15,366 - INFO - Model: (kernel: gaussian, kwargs: {'gamma': 100.0}, 0.008) achieved score 0.6
2016-04-17 20:07:15,427 - INFO - Model: (kernel: gaussian, kwargs: {'gamma': 100.0}, 0.016) achieved score 0.6
2016-04-17 20:07:15,503 - INFO - Model: (kernel: gaussian, kwargs: {'gamma': 100.0}, 0.032) achieved score 0.6
2016-04-17 20:07:15,556 - INFO - Model: (kernel: gaussian, kwargs: {'gamma': 100.0}, 0.064) achieved score 0.6
2016-04-17 20:07:15,611 - INFO - Model: (kernel: gaussian, kwargs: {'gamma': 100.0}, 0.128) achieved score 0.6
2016-04-17 20:07:15,661 - INFO - Model: (kernel: gaussian, kwargs: {'gamma': 100.0}, 0.256) achieved score 0.6
2016-04-17 20:07:15,708 - INFO - Model: (kernel: gaussian, kwargs: {'gamma': 100.0}, 0.512) achieved score 0.6
2016-04-17 20:07:15,761 - INFO - Model: (kernel: gaussian, kwargs: {'gamma': 100.0}, 1.024) achieved score 0.6
2016-04-17 20:07:15,813 - INFO - Model: (kernel: gaussian, kwargs: {'gamma': 100.0}, 2.048) achieved score 0.6
2016-04-17 20:07:15,867 - INFO - Model: (kernel: gaussian, kwargs: {'gamma': 100.0}, 4.096) achieved score 0.6
2016-04-17 20:07:15,925 - INFO - Model: (kernel: gaussian, kwargs: {'gamma': 100.0}, 8.192) achieved score 0.6
2016-04-17 20:07:15,987 - INFO - Model: (kernel: gaussian, kwargs: {'gamma': 100.0}, 16.384) achieved score 0.6
2016-04-17 20:07:16,053 - INFO - Model: (kernel: gaussian, kwargs: {'gamma': 100.0}, 32.768) achieved score 0.6
2016-04-17 20:07:16,116 - INFO - Model: (kernel: gaussian, kwargs: {'gamma': 100.0}, 65.536) achieved score 0.6
2016-04-17 20:07:16,168 - INFO - Model: (kernel: gaussian, kwargs: {'gamma': 1000.0}, 0.001) achieved score 0.5
2016-04-17 20:07:16,228 - INFO - Model: (kernel: gaussian, kwargs: {'gamma': 1000.0}, 0.002) achieved score 0.5
2016-04-17 20:07:16,290 - INFO - Model: (kernel: gaussian, kwargs: {'gamma': 1000.0}, 0.004) achieved score 0.5
2016-04-17 20:07:16,350 - INFO - Model: (kernel: gaussian, kwargs: {'gamma': 1000.0}, 0.008) achieved score 0.525
2016-04-17 20:07:16,422 - INFO - Model: (kernel: gaussian, kwargs: {'gamma': 1000.0}, 0.016) achieved score 0.525
2016-04-17 20:07:16,496 - INFO - Model: (kernel: gaussian, kwargs: {'gamma': 1000.0}, 0.032) achieved score 0.525
2016-04-17 20:07:16,547 - INFO - Model: (kernel: gaussian, kwargs: {'gamma': 1000.0}, 0.064) achieved score 0.5
2016-04-17 20:07:16,600 - INFO - Model: (kernel: gaussian, kwargs: {'gamma': 1000.0}, 0.128) achieved score 0.5
2016-04-17 20:07:16,653 - INFO - Model: (kernel: gaussian, kwargs: {'gamma': 1000.0}, 0.256) achieved score 0.525
2016-04-17 20:07:16,703 - INFO - Model: (kernel: gaussian, kwargs: {'gamma': 1000.0}, 0.512) achieved score 0.525
2016-04-17 20:07:16,757 - INFO - Model: (kernel: gaussian, kwargs: {'gamma': 1000.0}, 1.024) achieved score 0.5
2016-04-17 20:07:16,819 - INFO - Model: (kernel: gaussian, kwargs: {'gamma': 1000.0}, 2.048) achieved score 0.5
2016-04-17 20:07:16,879 - INFO - Model: (kernel: gaussian, kwargs: {'gamma': 1000.0}, 4.096) achieved score 0.5
2016-04-17 20:07:16,938 - INFO - Model: (kernel: gaussian, kwargs: {'gamma': 1000.0}, 8.192) achieved score 0.525
2016-04-17 20:07:17,003 - INFO - Model: (kernel: gaussian, kwargs: {'gamma': 1000.0}, 16.384) achieved score 0.5
2016-04-17 20:07:17,062 - INFO - Model: (kernel: gaussian, kwargs: {'gamma': 1000.0}, 32.768) achieved score 0.5
2016-04-17 20:07:17,127 - INFO - Model: (kernel: gaussian, kwargs: {'gamma': 1000.0}, 65.536) achieved score 0.525
2016-04-17 20:07:17,129 - INFO - Best model: (kernel: gaussian, kwargs: {'gamma': 1.0}, 0.256) achieved score 0.9875
2016-04-17 20:07:17,154 - INFO - Best model achieved score 0.85 on test data
2016-04-17 20:07:17,221 - INFO - Model: (kernel: linear, kwargs: {}, 0.001) achieved score 0.9
2016-04-17 20:07:17,280 - INFO - Model: (kernel: linear, kwargs: {}, 0.002) achieved score 0.9
2016-04-17 20:07:17,340 - INFO - Model: (kernel: linear, kwargs: {}, 0.004) achieved score 0.9125
2016-04-17 20:07:17,398 - INFO - Model: (kernel: linear, kwargs: {}, 0.008) achieved score 0.9125
2016-04-17 20:07:17,451 - INFO - Model: (kernel: linear, kwargs: {}, 0.016) achieved score 0.9
2016-04-17 20:07:17,515 - INFO - Model: (kernel: linear, kwargs: {}, 0.032) achieved score 0.9125
2016-04-17 20:07:17,580 - INFO - Model: (kernel: linear, kwargs: {}, 0.064) achieved score 0.9125
2016-04-17 20:07:17,632 - INFO - Model: (kernel: linear, kwargs: {}, 0.128) achieved score 0.9
2016-04-17 20:07:17,676 - INFO - Model: (kernel: linear, kwargs: {}, 0.256) achieved score 0.8625
2016-04-17 20:07:17,716 - INFO - Model: (kernel: linear, kwargs: {}, 0.512) achieved score 0.75
2016-04-17 20:07:17,758 - INFO - Model: (kernel: linear, kwargs: {}, 1.024) achieved score 0.7625
2016-04-17 20:07:17,795 - INFO - Model: (kernel: linear, kwargs: {}, 2.048) achieved score 0.6875
2016-04-17 20:07:17,832 - INFO - Model: (kernel: linear, kwargs: {}, 4.096) achieved score 0.5625
2016-04-17 20:07:17,873 - INFO - Model: (kernel: linear, kwargs: {}, 8.192) achieved score 0.6125
2016-04-17 20:07:17,912 - INFO - Model: (kernel: linear, kwargs: {}, 16.384) achieved score 0.525
2016-04-17 20:07:17,953 - INFO - Model: (kernel: linear, kwargs: {}, 32.768) achieved score 0.575
2016-04-17 20:07:18,001 - INFO - Model: (kernel: linear, kwargs: {}, 65.536) achieved score 0.525
2016-04-17 20:07:18,069 - INFO - Model: (kernel: gaussian, kwargs: {'gamma': 0.0001}, 0.001) achieved score 0.9125
2016-04-17 20:07:18,136 - INFO - Model: (kernel: gaussian, kwargs: {'gamma': 0.0001}, 0.002) achieved score 0.9125
2016-04-17 20:07:18,192 - INFO - Model: (kernel: gaussian, kwargs: {'gamma': 0.0001}, 0.004) achieved score 0.9125
2016-04-17 20:07:18,246 - INFO - Model: (kernel: gaussian, kwargs: {'gamma': 0.0001}, 0.008) achieved score 0.9125
2016-04-17 20:07:18,298 - INFO - Model: (kernel: gaussian, kwargs: {'gamma': 0.0001}, 0.016) achieved score 0.9125
2016-04-17 20:07:18,352 - INFO - Model: (kernel: gaussian, kwargs: {'gamma': 0.0001}, 0.032) achieved score 0.9125
2016-04-17 20:07:18,402 - INFO - Model: (kernel: gaussian, kwargs: {'gamma': 0.0001}, 0.064) achieved score 0.9125
2016-04-17 20:07:18,454 - INFO - Model: (kernel: gaussian, kwargs: {'gamma': 0.0001}, 0.128) achieved score 0.9125
2016-04-17 20:07:18,521 - INFO - Model: (kernel: gaussian, kwargs: {'gamma': 0.0001}, 0.256) achieved score 0.9125
2016-04-17 20:07:18,598 - INFO - Model: (kernel: gaussian, kwargs: {'gamma': 0.0001}, 0.512) achieved score 0.9125
2016-04-17 20:07:18,689 - INFO - Model: (kernel: gaussian, kwargs: {'gamma': 0.0001}, 1.024) achieved score 0.9125
2016-04-17 20:07:18,765 - INFO - Model: (kernel: gaussian, kwargs: {'gamma': 0.0001}, 2.048) achieved score 0.9125
2016-04-17 20:07:18,816 - INFO - Model: (kernel: gaussian, kwargs: {'gamma': 0.0001}, 4.096) achieved score 0.9125
2016-04-17 20:07:18,864 - INFO - Model: (kernel: gaussian, kwargs: {'gamma': 0.0001}, 8.192) achieved score 0.9125
2016-04-17 20:07:18,917 - INFO - Model: (kernel: gaussian, kwargs: {'gamma': 0.0001}, 16.384) achieved score 0.9125
2016-04-17 20:07:18,982 - INFO - Model: (kernel: gaussian, kwargs: {'gamma': 0.0001}, 32.768) achieved score 0.8875
2016-04-17 20:07:19,052 - INFO - Model: (kernel: gaussian, kwargs: {'gamma': 0.0001}, 65.536) achieved score 0.9
2016-04-17 20:07:19,120 - INFO - Model: (kernel: gaussian, kwargs: {'gamma': 0.001}, 0.001) achieved score 0.9125
2016-04-17 20:07:19,177 - INFO - Model: (kernel: gaussian, kwargs: {'gamma': 0.001}, 0.002) achieved score 0.9125
2016-04-17 20:07:19,231 - INFO - Model: (kernel: gaussian, kwargs: {'gamma': 0.001}, 0.004) achieved score 0.9125
2016-04-17 20:07:19,285 - INFO - Model: (kernel: gaussian, kwargs: {'gamma': 0.001}, 0.008) achieved score 0.9125
2016-04-17 20:07:19,338 - INFO - Model: (kernel: gaussian, kwargs: {'gamma': 0.001}, 0.016) achieved score 0.9125
2016-04-17 20:07:19,389 - INFO - Model: (kernel: gaussian, kwargs: {'gamma': 0.001}, 0.032) achieved score 0.9125
2016-04-17 20:07:19,444 - INFO - Model: (kernel: gaussian, kwargs: {'gamma': 0.001}, 0.064) achieved score 0.9125
2016-04-17 20:07:19,507 - INFO - Model: (kernel: gaussian, kwargs: {'gamma': 0.001}, 0.128) achieved score 0.9125
2016-04-17 20:07:19,569 - INFO - Model: (kernel: gaussian, kwargs: {'gamma': 0.001}, 0.256) achieved score 0.9125
2016-04-17 20:07:19,625 - INFO - Model: (kernel: gaussian, kwargs: {'gamma': 0.001}, 0.512) achieved score 0.9125
2016-04-17 20:07:19,675 - INFO - Model: (kernel: gaussian, kwargs: {'gamma': 0.001}, 1.024) achieved score 0.9125
2016-04-17 20:07:19,732 - INFO - Model: (kernel: gaussian, kwargs: {'gamma': 0.001}, 2.048) achieved score 0.9
2016-04-17 20:07:19,788 - INFO - Model: (kernel: gaussian, kwargs: {'gamma': 0.001}, 4.096) achieved score 0.875
2016-04-17 20:07:19,840 - INFO - Model: (kernel: gaussian, kwargs: {'gamma': 0.001}, 8.192) achieved score 0.9125
2016-04-17 20:07:19,898 - INFO - Model: (kernel: gaussian, kwargs: {'gamma': 0.001}, 16.384) achieved score 0.925
2016-04-17 20:07:19,960 - INFO - Model: (kernel: gaussian, kwargs: {'gamma': 0.001}, 32.768) achieved score 0.8
2016-04-17 20:07:20,037 - INFO - Model: (kernel: gaussian, kwargs: {'gamma': 0.001}, 65.536) achieved score 0.8
2016-04-17 20:07:20,093 - INFO - Model: (kernel: gaussian, kwargs: {'gamma': 0.01}, 0.001) achieved score 0.9125
2016-04-17 20:07:20,149 - INFO - Model: (kernel: gaussian, kwargs: {'gamma': 0.01}, 0.002) achieved score 0.9125
2016-04-17 20:07:20,204 - INFO - Model: (kernel: gaussian, kwargs: {'gamma': 0.01}, 0.004) achieved score 0.9125
2016-04-17 20:07:20,256 - INFO - Model: (kernel: gaussian, kwargs: {'gamma': 0.01}, 0.008) achieved score 0.9125
2016-04-17 20:07:20,310 - INFO - Model: (kernel: gaussian, kwargs: {'gamma': 0.01}, 0.016) achieved score 0.9125
2016-04-17 20:07:20,385 - INFO - Model: (kernel: gaussian, kwargs: {'gamma': 0.01}, 0.032) achieved score 0.9125
2016-04-17 20:07:20,445 - INFO - Model: (kernel: gaussian, kwargs: {'gamma': 0.01}, 0.064) achieved score 0.9125
2016-04-17 20:07:20,505 - INFO - Model: (kernel: gaussian, kwargs: {'gamma': 0.01}, 0.128) achieved score 0.9125
2016-04-17 20:07:20,562 - INFO - Model: (kernel: gaussian, kwargs: {'gamma': 0.01}, 0.256) achieved score 0.9125
2016-04-17 20:07:20,615 - INFO - Model: (kernel: gaussian, kwargs: {'gamma': 0.01}, 0.512) achieved score 0.8875
2016-04-17 20:07:20,666 - INFO - Model: (kernel: gaussian, kwargs: {'gamma': 0.01}, 1.024) achieved score 0.925
2016-04-17 20:07:20,713 - INFO - Model: (kernel: gaussian, kwargs: {'gamma': 0.01}, 2.048) achieved score 0.9125
2016-04-17 20:07:20,761 - INFO - Model: (kernel: gaussian, kwargs: {'gamma': 0.01}, 4.096) achieved score 0.8125
2016-04-17 20:07:20,819 - INFO - Model: (kernel: gaussian, kwargs: {'gamma': 0.01}, 8.192) achieved score 0.8125
2016-04-17 20:07:20,886 - INFO - Model: (kernel: gaussian, kwargs: {'gamma': 0.01}, 16.384) achieved score 0.8
2016-04-17 20:07:20,945 - INFO - Model: (kernel: gaussian, kwargs: {'gamma': 0.01}, 32.768) achieved score 0.725
2016-04-17 20:07:21,007 - INFO - Model: (kernel: gaussian, kwargs: {'gamma': 0.01}, 65.536) achieved score 0.6625
2016-04-17 20:07:21,072 - INFO - Model: (kernel: gaussian, kwargs: {'gamma': 0.1}, 0.001) achieved score 0.9125
2016-04-17 20:07:21,127 - INFO - Model: (kernel: gaussian, kwargs: {'gamma': 0.1}, 0.002) achieved score 0.9125
2016-04-17 20:07:21,188 - INFO - Model: (kernel: gaussian, kwargs: {'gamma': 0.1}, 0.004) achieved score 0.9125
2016-04-17 20:07:21,242 - INFO - Model: (kernel: gaussian, kwargs: {'gamma': 0.1}, 0.008) achieved score 0.9125
2016-04-17 20:07:21,295 - INFO - Model: (kernel: gaussian, kwargs: {'gamma': 0.1}, 0.016) achieved score 0.9125
2016-04-17 20:07:21,348 - INFO - Model: (kernel: gaussian, kwargs: {'gamma': 0.1}, 0.032) achieved score 0.9125
2016-04-17 20:07:21,418 - INFO - Model: (kernel: gaussian, kwargs: {'gamma': 0.1}, 0.064) achieved score 0.9125
2016-04-17 20:07:21,491 - INFO - Model: (kernel: gaussian, kwargs: {'gamma': 0.1}, 0.128) achieved score 0.9375
2016-04-17 20:07:21,544 - INFO - Model: (kernel: gaussian, kwargs: {'gamma': 0.1}, 0.256) achieved score 0.9625
2016-04-17 20:07:21,594 - INFO - Model: (kernel: gaussian, kwargs: {'gamma': 0.1}, 0.512) achieved score 0.9625
2016-04-17 20:07:21,637 - INFO - Model: (kernel: gaussian, kwargs: {'gamma': 0.1}, 1.024) achieved score 0.975
2016-04-17 20:07:21,679 - INFO - Model: (kernel: gaussian, kwargs: {'gamma': 0.1}, 2.048) achieved score 0.8875
2016-04-17 20:07:21,722 - INFO - Model: (kernel: gaussian, kwargs: {'gamma': 0.1}, 4.096) achieved score 0.875
2016-04-17 20:07:21,764 - INFO - Model: (kernel: gaussian, kwargs: {'gamma': 0.1}, 8.192) achieved score 0.7375
2016-04-17 20:07:21,804 - INFO - Model: (kernel: gaussian, kwargs: {'gamma': 0.1}, 16.384) achieved score 0.6
2016-04-17 20:07:21,850 - INFO - Model: (kernel: gaussian, kwargs: {'gamma': 0.1}, 32.768) achieved score 0.5
2016-04-17 20:07:21,899 - INFO - Model: (kernel: gaussian, kwargs: {'gamma': 0.1}, 65.536) achieved score 0.5
2016-04-17 20:07:21,958 - INFO - Model: (kernel: gaussian, kwargs: {'gamma': 1.0}, 0.001) achieved score 0.9375
2016-04-17 20:07:22,024 - INFO - Model: (kernel: gaussian, kwargs: {'gamma': 1.0}, 0.002) achieved score 0.9375
2016-04-17 20:07:22,085 - INFO - Model: (kernel: gaussian, kwargs: {'gamma': 1.0}, 0.004) achieved score 0.9375
2016-04-17 20:07:22,142 - INFO - Model: (kernel: gaussian, kwargs: {'gamma': 1.0}, 0.008) achieved score 0.9375
2016-04-17 20:07:22,197 - INFO - Model: (kernel: gaussian, kwargs: {'gamma': 1.0}, 0.016) achieved score 0.9375
2016-04-17 20:07:22,249 - INFO - Model: (kernel: gaussian, kwargs: {'gamma': 1.0}, 0.032) achieved score 0.9375
2016-04-17 20:07:22,303 - INFO - Model: (kernel: gaussian, kwargs: {'gamma': 1.0}, 0.064) achieved score 0.9375
2016-04-17 20:07:22,358 - INFO - Model: (kernel: gaussian, kwargs: {'gamma': 1.0}, 0.128) achieved score 0.9375
2016-04-17 20:07:22,415 - INFO - Model: (kernel: gaussian, kwargs: {'gamma': 1.0}, 0.256) achieved score 0.95
2016-04-17 20:07:22,501 - INFO - Model: (kernel: gaussian, kwargs: {'gamma': 1.0}, 0.512) achieved score 0.95
2016-04-17 20:07:22,592 - INFO - Model: (kernel: gaussian, kwargs: {'gamma': 1.0}, 1.024) achieved score 0.9625
2016-04-17 20:07:22,647 - INFO - Model: (kernel: gaussian, kwargs: {'gamma': 1.0}, 2.048) achieved score 0.9625
2016-04-17 20:07:22,693 - INFO - Model: (kernel: gaussian, kwargs: {'gamma': 1.0}, 4.096) achieved score 0.9625
2016-04-17 20:07:22,742 - INFO - Model: (kernel: gaussian, kwargs: {'gamma': 1.0}, 8.192) achieved score 0.9625
2016-04-17 20:07:22,790 - INFO - Model: (kernel: gaussian, kwargs: {'gamma': 1.0}, 16.384) achieved score 0.9625
2016-04-17 20:07:22,843 - INFO - Model: (kernel: gaussian, kwargs: {'gamma': 1.0}, 32.768) achieved score 0.9625
2016-04-17 20:07:22,897 - INFO - Model: (kernel: gaussian, kwargs: {'gamma': 1.0}, 65.536) achieved score 0.9625
2016-04-17 20:07:22,976 - INFO - Model: (kernel: gaussian, kwargs: {'gamma': 10.0}, 0.001) achieved score 0.9375
2016-04-17 20:07:23,056 - INFO - Model: (kernel: gaussian, kwargs: {'gamma': 10.0}, 0.002) achieved score 0.9375
2016-04-17 20:07:23,111 - INFO - Model: (kernel: gaussian, kwargs: {'gamma': 10.0}, 0.004) achieved score 0.9375
2016-04-17 20:07:23,165 - INFO - Model: (kernel: gaussian, kwargs: {'gamma': 10.0}, 0.008) achieved score 0.9375
2016-04-17 20:07:23,217 - INFO - Model: (kernel: gaussian, kwargs: {'gamma': 10.0}, 0.016) achieved score 0.9375
2016-04-17 20:07:23,271 - INFO - Model: (kernel: gaussian, kwargs: {'gamma': 10.0}, 0.032) achieved score 0.9375
2016-04-17 20:07:23,321 - INFO - Model: (kernel: gaussian, kwargs: {'gamma': 10.0}, 0.064) achieved score 0.9375
2016-04-17 20:07:23,372 - INFO - Model: (kernel: gaussian, kwargs: {'gamma': 10.0}, 0.128) achieved score 0.9375
2016-04-17 20:07:23,424 - INFO - Model: (kernel: gaussian, kwargs: {'gamma': 10.0}, 0.256) achieved score 0.9375
2016-04-17 20:07:23,479 - INFO - Model: (kernel: gaussian, kwargs: {'gamma': 10.0}, 0.512) achieved score 0.9375
2016-04-17 20:07:23,534 - INFO - Model: (kernel: gaussian, kwargs: {'gamma': 10.0}, 1.024) achieved score 0.8375
2016-04-17 20:07:23,593 - INFO - Model: (kernel: gaussian, kwargs: {'gamma': 10.0}, 2.048) achieved score 0.8375
2016-04-17 20:07:23,654 - INFO - Model: (kernel: gaussian, kwargs: {'gamma': 10.0}, 4.096) achieved score 0.8375
2016-04-17 20:07:23,712 - INFO - Model: (kernel: gaussian, kwargs: {'gamma': 10.0}, 8.192) achieved score 0.8375
2016-04-17 20:07:23,767 - INFO - Model: (kernel: gaussian, kwargs: {'gamma': 10.0}, 16.384) achieved score 0.8375
2016-04-17 20:07:23,822 - INFO - Model: (kernel: gaussian, kwargs: {'gamma': 10.0}, 32.768) achieved score 0.8375
2016-04-17 20:07:23,879 - INFO - Model: (kernel: gaussian, kwargs: {'gamma': 10.0}, 65.536) achieved score 0.8375
2016-04-17 20:07:23,934 - INFO - Model: (kernel: gaussian, kwargs: {'gamma': 100.0}, 0.001) achieved score 0.55
2016-04-17 20:07:23,991 - INFO - Model: (kernel: gaussian, kwargs: {'gamma': 100.0}, 0.002) achieved score 0.55
2016-04-17 20:07:24,071 - INFO - Model: (kernel: gaussian, kwargs: {'gamma': 100.0}, 0.004) achieved score 0.55
2016-04-17 20:07:24,137 - INFO - Model: (kernel: gaussian, kwargs: {'gamma': 100.0}, 0.008) achieved score 0.55
2016-04-17 20:07:24,194 - INFO - Model: (kernel: gaussian, kwargs: {'gamma': 100.0}, 0.016) achieved score 0.55
2016-04-17 20:07:24,248 - INFO - Model: (kernel: gaussian, kwargs: {'gamma': 100.0}, 0.032) achieved score 0.55
2016-04-17 20:07:24,300 - INFO - Model: (kernel: gaussian, kwargs: {'gamma': 100.0}, 0.064) achieved score 0.55
2016-04-17 20:07:24,350 - INFO - Model: (kernel: gaussian, kwargs: {'gamma': 100.0}, 0.128) achieved score 0.55
2016-04-17 20:07:24,402 - INFO - Model: (kernel: gaussian, kwargs: {'gamma': 100.0}, 0.256) achieved score 0.55
2016-04-17 20:07:24,449 - INFO - Model: (kernel: gaussian, kwargs: {'gamma': 100.0}, 0.512) achieved score 0.55
2016-04-17 20:07:24,503 - INFO - Model: (kernel: gaussian, kwargs: {'gamma': 100.0}, 1.024) achieved score 0.55
2016-04-17 20:07:24,560 - INFO - Model: (kernel: gaussian, kwargs: {'gamma': 100.0}, 2.048) achieved score 0.55
2016-04-17 20:07:24,616 - INFO - Model: (kernel: gaussian, kwargs: {'gamma': 100.0}, 4.096) achieved score 0.55
2016-04-17 20:07:24,679 - INFO - Model: (kernel: gaussian, kwargs: {'gamma': 100.0}, 8.192) achieved score 0.55
2016-04-17 20:07:24,755 - INFO - Model: (kernel: gaussian, kwargs: {'gamma': 100.0}, 16.384) achieved score 0.55
2016-04-17 20:07:24,816 - INFO - Model: (kernel: gaussian, kwargs: {'gamma': 100.0}, 32.768) achieved score 0.55
2016-04-17 20:07:24,879 - INFO - Model: (kernel: gaussian, kwargs: {'gamma': 100.0}, 65.536) achieved score 0.55
2016-04-17 20:07:24,936 - INFO - Model: (kernel: gaussian, kwargs: {'gamma': 1000.0}, 0.001) achieved score 0.5
2016-04-17 20:07:24,991 - INFO - Model: (kernel: gaussian, kwargs: {'gamma': 1000.0}, 0.002) achieved score 0.5
2016-04-17 20:07:25,044 - INFO - Model: (kernel: gaussian, kwargs: {'gamma': 1000.0}, 0.004) achieved score 0.5
2016-04-17 20:07:25,113 - INFO - Model: (kernel: gaussian, kwargs: {'gamma': 1000.0}, 0.008) achieved score 0.525
2016-04-17 20:07:25,170 - INFO - Model: (kernel: gaussian, kwargs: {'gamma': 1000.0}, 0.016) achieved score 0.525
2016-04-17 20:07:25,232 - INFO - Model: (kernel: gaussian, kwargs: {'gamma': 1000.0}, 0.032) achieved score 0.525
2016-04-17 20:07:25,286 - INFO - Model: (kernel: gaussian, kwargs: {'gamma': 1000.0}, 0.064) achieved score 0.5
2016-04-17 20:07:25,338 - INFO - Model: (kernel: gaussian, kwargs: {'gamma': 1000.0}, 0.128) achieved score 0.5
2016-04-17 20:07:25,388 - INFO - Model: (kernel: gaussian, kwargs: {'gamma': 1000.0}, 0.256) achieved score 0.525
2016-04-17 20:07:25,436 - INFO - Model: (kernel: gaussian, kwargs: {'gamma': 1000.0}, 0.512) achieved score 0.525
2016-04-17 20:07:25,488 - INFO - Model: (kernel: gaussian, kwargs: {'gamma': 1000.0}, 1.024) achieved score 0.5
2016-04-17 20:07:25,560 - INFO - Model: (kernel: gaussian, kwargs: {'gamma': 1000.0}, 2.048) achieved score 0.5
2016-04-17 20:07:25,634 - INFO - Model: (kernel: gaussian, kwargs: {'gamma': 1000.0}, 4.096) achieved score 0.5
2016-04-17 20:07:25,699 - INFO - Model: (kernel: gaussian, kwargs: {'gamma': 1000.0}, 8.192) achieved score 0.525
2016-04-17 20:07:25,753 - INFO - Model: (kernel: gaussian, kwargs: {'gamma': 1000.0}, 16.384) achieved score 0.5
2016-04-17 20:07:25,809 - INFO - Model: (kernel: gaussian, kwargs: {'gamma': 1000.0}, 32.768) achieved score 0.5
2016-04-17 20:07:25,866 - INFO - Model: (kernel: gaussian, kwargs: {'gamma': 1000.0}, 65.536) achieved score 0.525
2016-04-17 20:07:25,867 - INFO - Best model: (kernel: gaussian, kwargs: {'gamma': 0.1}, 1.024) achieved score 0.975
2016-04-17 20:07:25,882 - INFO - Best model achieved score 0.7 on test data
2016-04-17 20:07:25,941 - INFO - Model: (kernel: linear, kwargs: {}, 0.001) achieved score 0.85
2016-04-17 20:07:26,006 - INFO - Model: (kernel: linear, kwargs: {}, 0.002) achieved score 0.85
2016-04-17 20:07:26,066 - INFO - Model: (kernel: linear, kwargs: {}, 0.004) achieved score 0.8625
2016-04-17 20:07:26,137 - INFO - Model: (kernel: linear, kwargs: {}, 0.008) achieved score 0.9
2016-04-17 20:07:26,194 - INFO - Model: (kernel: linear, kwargs: {}, 0.016) achieved score 0.8875
2016-04-17 20:07:26,249 - INFO - Model: (kernel: linear, kwargs: {}, 0.032) achieved score 0.9
2016-04-17 20:07:26,296 - INFO - Model: (kernel: linear, kwargs: {}, 0.064) achieved score 0.8625
2016-04-17 20:07:26,338 - INFO - Model: (kernel: linear, kwargs: {}, 0.128) achieved score 0.8375
2016-04-17 20:07:26,382 - INFO - Model: (kernel: linear, kwargs: {}, 0.256) achieved score 0.7625
2016-04-17 20:07:26,421 - INFO - Model: (kernel: linear, kwargs: {}, 0.512) achieved score 0.725
2016-04-17 20:07:26,461 - INFO - Model: (kernel: linear, kwargs: {}, 1.024) achieved score 0.725
2016-04-17 20:07:26,501 - INFO - Model: (kernel: linear, kwargs: {}, 2.048) achieved score 0.6625
2016-04-17 20:07:26,540 - INFO - Model: (kernel: linear, kwargs: {}, 4.096) achieved score 0.55
2016-04-17 20:07:26,582 - INFO - Model: (kernel: linear, kwargs: {}, 8.192) achieved score 0.5
2016-04-17 20:07:26,626 - INFO - Model: (kernel: linear, kwargs: {}, 16.384) achieved score 0.5
2016-04-17 20:07:26,692 - INFO - Model: (kernel: linear, kwargs: {}, 32.768) achieved score 0.5
2016-04-17 20:07:26,745 - INFO - Model: (kernel: linear, kwargs: {}, 65.536) achieved score 0.5
2016-04-17 20:07:26,798 - INFO - Model: (kernel: gaussian, kwargs: {'gamma': 0.0001}, 0.001) achieved score 0.8625
2016-04-17 20:07:26,852 - INFO - Model: (kernel: gaussian, kwargs: {'gamma': 0.0001}, 0.002) achieved score 0.8625
2016-04-17 20:07:26,907 - INFO - Model: (kernel: gaussian, kwargs: {'gamma': 0.0001}, 0.004) achieved score 0.8625
2016-04-17 20:07:26,960 - INFO - Model: (kernel: gaussian, kwargs: {'gamma': 0.0001}, 0.008) achieved score 0.8625
2016-04-17 20:07:27,016 - INFO - Model: (kernel: gaussian, kwargs: {'gamma': 0.0001}, 0.016) achieved score 0.8625
2016-04-17 20:07:27,077 - INFO - Model: (kernel: gaussian, kwargs: {'gamma': 0.0001}, 0.032) achieved score 0.8625
2016-04-17 20:07:27,141 - INFO - Model: (kernel: gaussian, kwargs: {'gamma': 0.0001}, 0.064) achieved score 0.8625
2016-04-17 20:07:27,202 - INFO - Model: (kernel: gaussian, kwargs: {'gamma': 0.0001}, 0.128) achieved score 0.8625
2016-04-17 20:07:27,255 - INFO - Model: (kernel: gaussian, kwargs: {'gamma': 0.0001}, 0.256) achieved score 0.8625
2016-04-17 20:07:27,305 - INFO - Model: (kernel: gaussian, kwargs: {'gamma': 0.0001}, 0.512) achieved score 0.8625
2016-04-17 20:07:27,355 - INFO - Model: (kernel: gaussian, kwargs: {'gamma': 0.0001}, 1.024) achieved score 0.8625
2016-04-17 20:07:27,403 - INFO - Model: (kernel: gaussian, kwargs: {'gamma': 0.0001}, 2.048) achieved score 0.8625
2016-04-17 20:07:27,453 - INFO - Model: (kernel: gaussian, kwargs: {'gamma': 0.0001}, 4.096) achieved score 0.8625
2016-04-17 20:07:27,501 - INFO - Model: (kernel: gaussian, kwargs: {'gamma': 0.0001}, 8.192) achieved score 0.8625
2016-04-17 20:07:27,551 - INFO - Model: (kernel: gaussian, kwargs: {'gamma': 0.0001}, 16.384) achieved score 0.8625
2016-04-17 20:07:27,607 - INFO - Model: (kernel: gaussian, kwargs: {'gamma': 0.0001}, 32.768) achieved score 0.8875
2016-04-17 20:07:27,663 - INFO - Model: (kernel: gaussian, kwargs: {'gamma': 0.0001}, 65.536) achieved score 0.875
2016-04-17 20:07:27,720 - INFO - Model: (kernel: gaussian, kwargs: {'gamma': 0.001}, 0.001) achieved score 0.8625
2016-04-17 20:07:27,773 - INFO - Model: (kernel: gaussian, kwargs: {'gamma': 0.001}, 0.002) achieved score 0.8625
2016-04-17 20:07:27,830 - INFO - Model: (kernel: gaussian, kwargs: {'gamma': 0.001}, 0.004) achieved score 0.8625
2016-04-17 20:07:27,884 - INFO - Model: (kernel: gaussian, kwargs: {'gamma': 0.001}, 0.008) achieved score 0.8625
2016-04-17 20:07:27,950 - INFO - Model: (kernel: gaussian, kwargs: {'gamma': 0.001}, 0.016) achieved score 0.8625
2016-04-17 20:07:28,016 - INFO - Model: (kernel: gaussian, kwargs: {'gamma': 0.001}, 0.032) achieved score 0.8625
2016-04-17 20:07:28,073 - INFO - Model: (kernel: gaussian, kwargs: {'gamma': 0.001}, 0.064) achieved score 0.8625
2016-04-17 20:07:28,130 - INFO - Model: (kernel: gaussian, kwargs: {'gamma': 0.001}, 0.128) achieved score 0.8625
2016-04-17 20:07:28,184 - INFO - Model: (kernel: gaussian, kwargs: {'gamma': 0.001}, 0.256) achieved score 0.8625
2016-04-17 20:07:28,240 - INFO - Model: (kernel: gaussian, kwargs: {'gamma': 0.001}, 0.512) achieved score 0.8625
2016-04-17 20:07:28,290 - INFO - Model: (kernel: gaussian, kwargs: {'gamma': 0.001}, 1.024) achieved score 0.8625
2016-04-17 20:07:28,364 - INFO - Model: (kernel: gaussian, kwargs: {'gamma': 0.001}, 2.048) achieved score 0.9
2016-04-17 20:07:28,423 - INFO - Model: (kernel: gaussian, kwargs: {'gamma': 0.001}, 4.096) achieved score 0.875
2016-04-17 20:07:28,498 - INFO - Model: (kernel: gaussian, kwargs: {'gamma': 0.001}, 8.192) achieved score 0.9125
2016-04-17 20:07:28,577 - INFO - Model: (kernel: gaussian, kwargs: {'gamma': 0.001}, 16.384) achieved score 0.85
2016-04-17 20:07:28,640 - INFO - Model: (kernel: gaussian, kwargs: {'gamma': 0.001}, 32.768) achieved score 0.775
2016-04-17 20:07:28,705 - INFO - Model: (kernel: gaussian, kwargs: {'gamma': 0.001}, 65.536) achieved score 0.6875
2016-04-17 20:07:28,762 - INFO - Model: (kernel: gaussian, kwargs: {'gamma': 0.01}, 0.001) achieved score 0.8625
2016-04-17 20:07:28,816 - INFO - Model: (kernel: gaussian, kwargs: {'gamma': 0.01}, 0.002) achieved score 0.8625
2016-04-17 20:07:28,869 - INFO - Model: (kernel: gaussian, kwargs: {'gamma': 0.01}, 0.004) achieved score 0.8625
2016-04-17 20:07:28,939 - INFO - Model: (kernel: gaussian, kwargs: {'gamma': 0.01}, 0.008) achieved score 0.8625
2016-04-17 20:07:29,035 - INFO - Model: (kernel: gaussian, kwargs: {'gamma': 0.01}, 0.016) achieved score 0.8625
2016-04-17 20:07:29,128 - INFO - Model: (kernel: gaussian, kwargs: {'gamma': 0.01}, 0.032) achieved score 0.8625
2016-04-17 20:07:29,196 - INFO - Model: (kernel: gaussian, kwargs: {'gamma': 0.01}, 0.064) achieved score 0.8625
2016-04-17 20:07:29,281 - INFO - Model: (kernel: gaussian, kwargs: {'gamma': 0.01}, 0.128) achieved score 0.8625
2016-04-17 20:07:29,371 - INFO - Model: (kernel: gaussian, kwargs: {'gamma': 0.01}, 0.256) achieved score 0.8875
2016-04-17 20:07:29,504 - INFO - Model: (kernel: gaussian, kwargs: {'gamma': 0.01}, 0.512) achieved score 0.8875
2016-04-17 20:07:29,671 - INFO - Model: (kernel: gaussian, kwargs: {'gamma': 0.01}, 1.024) achieved score 0.8875
2016-04-17 20:07:29,756 - INFO - Model: (kernel: gaussian, kwargs: {'gamma': 0.01}, 2.048) achieved score 0.85
2016-04-17 20:07:29,849 - INFO - Model: (kernel: gaussian, kwargs: {'gamma': 0.01}, 4.096) achieved score 0.725
2016-04-17 20:07:29,946 - INFO - Model: (kernel: gaussian, kwargs: {'gamma': 0.01}, 8.192) achieved score 0.6875
2016-04-17 20:07:30,084 - INFO - Model: (kernel: gaussian, kwargs: {'gamma': 0.01}, 16.384) achieved score 0.6
2016-04-17 20:07:30,221 - INFO - Model: (kernel: gaussian, kwargs: {'gamma': 0.01}, 32.768) achieved score 0.5125
2016-04-17 20:07:30,295 - INFO - Model: (kernel: gaussian, kwargs: {'gamma': 0.01}, 65.536) achieved score 0.5
2016-04-17 20:07:30,408 - INFO - Model: (kernel: gaussian, kwargs: {'gamma': 0.1}, 0.001) achieved score 0.8875
2016-04-17 20:07:30,484 - INFO - Model: (kernel: gaussian, kwargs: {'gamma': 0.1}, 0.002) achieved score 0.8875
2016-04-17 20:07:30,560 - INFO - Model: (kernel: gaussian, kwargs: {'gamma': 0.1}, 0.004) achieved score 0.8875
2016-04-17 20:07:30,636 - INFO - Model: (kernel: gaussian, kwargs: {'gamma': 0.1}, 0.008) achieved score 0.8875
2016-04-17 20:07:30,734 - INFO - Model: (kernel: gaussian, kwargs: {'gamma': 0.1}, 0.016) achieved score 0.8875
2016-04-17 20:07:30,847 - INFO - Model: (kernel: gaussian, kwargs: {'gamma': 0.1}, 0.032) achieved score 0.8875
2016-04-17 20:07:30,911 - INFO - Model: (kernel: gaussian, kwargs: {'gamma': 0.1}, 0.064) achieved score 0.8875
2016-04-17 20:07:30,983 - INFO - Model: (kernel: gaussian, kwargs: {'gamma': 0.1}, 0.128) achieved score 0.925
2016-04-17 20:07:31,067 - INFO - Model: (kernel: gaussian, kwargs: {'gamma': 0.1}, 0.256) achieved score 0.925
2016-04-17 20:07:31,132 - INFO - Model: (kernel: gaussian, kwargs: {'gamma': 0.1}, 0.512) achieved score 0.9
2016-04-17 20:07:31,178 - INFO - Model: (kernel: gaussian, kwargs: {'gamma': 0.1}, 1.024) achieved score 0.85
2016-04-17 20:07:31,231 - INFO - Model: (kernel: gaussian, kwargs: {'gamma': 0.1}, 2.048) achieved score 0.7875
2016-04-17 20:07:31,320 - INFO - Model: (kernel: gaussian, kwargs: {'gamma': 0.1}, 4.096) achieved score 0.6375
2016-04-17 20:07:31,393 - INFO - Model: (kernel: gaussian, kwargs: {'gamma': 0.1}, 8.192) achieved score 0.5
2016-04-17 20:07:31,464 - INFO - Model: (kernel: gaussian, kwargs: {'gamma': 0.1}, 16.384) achieved score 0.5
2016-04-17 20:07:31,527 - INFO - Model: (kernel: gaussian, kwargs: {'gamma': 0.1}, 32.768) achieved score 0.5
2016-04-17 20:07:31,587 - INFO - Model: (kernel: gaussian, kwargs: {'gamma': 0.1}, 65.536) achieved score 0.5
2016-04-17 20:07:31,656 - INFO - Model: (kernel: gaussian, kwargs: {'gamma': 1.0}, 0.001) achieved score 0.925
2016-04-17 20:07:31,710 - INFO - Model: (kernel: gaussian, kwargs: {'gamma': 1.0}, 0.002) achieved score 0.925
2016-04-17 20:07:31,764 - INFO - Model: (kernel: gaussian, kwargs: {'gamma': 1.0}, 0.004) achieved score 0.925
2016-04-17 20:07:31,856 - INFO - Model: (kernel: gaussian, kwargs: {'gamma': 1.0}, 0.008) achieved score 0.925
2016-04-17 20:07:31,923 - INFO - Model: (kernel: gaussian, kwargs: {'gamma': 1.0}, 0.016) achieved score 0.925
2016-04-17 20:07:32,004 - INFO - Model: (kernel: gaussian, kwargs: {'gamma': 1.0}, 0.032) achieved score 0.925
2016-04-17 20:07:32,073 - INFO - Model: (kernel: gaussian, kwargs: {'gamma': 1.0}, 0.064) achieved score 0.925
2016-04-17 20:07:32,128 - INFO - Model: (kernel: gaussian, kwargs: {'gamma': 1.0}, 0.128) achieved score 0.925
2016-04-17 20:07:32,184 - INFO - Model: (kernel: gaussian, kwargs: {'gamma': 1.0}, 0.256) achieved score 0.925
2016-04-17 20:07:32,238 - INFO - Model: (kernel: gaussian, kwargs: {'gamma': 1.0}, 0.512) achieved score 0.9375
2016-04-17 20:07:32,287 - INFO - Model: (kernel: gaussian, kwargs: {'gamma': 1.0}, 1.024) achieved score 0.9375
2016-04-17 20:07:32,362 - INFO - Model: (kernel: gaussian, kwargs: {'gamma': 1.0}, 2.048) achieved score 0.925
2016-04-17 20:07:32,414 - INFO - Model: (kernel: gaussian, kwargs: {'gamma': 1.0}, 4.096) achieved score 0.825
2016-04-17 20:07:32,469 - INFO - Model: (kernel: gaussian, kwargs: {'gamma': 1.0}, 8.192) achieved score 0.7
2016-04-17 20:07:32,524 - INFO - Model: (kernel: gaussian, kwargs: {'gamma': 1.0}, 16.384) achieved score 0.6625
2016-04-17 20:07:32,581 - INFO - Model: (kernel: gaussian, kwargs: {'gamma': 1.0}, 32.768) achieved score 0.65
2016-04-17 20:07:32,634 - INFO - Model: (kernel: gaussian, kwargs: {'gamma': 1.0}, 65.536) achieved score 0.675
2016-04-17 20:07:32,689 - INFO - Model: (kernel: gaussian, kwargs: {'gamma': 10.0}, 0.001) achieved score 0.925
2016-04-17 20:07:32,744 - INFO - Model: (kernel: gaussian, kwargs: {'gamma': 10.0}, 0.002) achieved score 0.925
2016-04-17 20:07:32,825 - INFO - Model: (kernel: gaussian, kwargs: {'gamma': 10.0}, 0.004) achieved score 0.925
2016-04-17 20:07:32,895 - INFO - Model: (kernel: gaussian, kwargs: {'gamma': 10.0}, 0.008) achieved score 0.925
2016-04-17 20:07:32,950 - INFO - Model: (kernel: gaussian, kwargs: {'gamma': 10.0}, 0.016) achieved score 0.925
2016-04-17 20:07:33,017 - INFO - Model: (kernel: gaussian, kwargs: {'gamma': 10.0}, 0.032) achieved score 0.925
2016-04-17 20:07:33,088 - INFO - Model: (kernel: gaussian, kwargs: {'gamma': 10.0}, 0.064) achieved score 0.925
2016-04-17 20:07:33,141 - INFO - Model: (kernel: gaussian, kwargs: {'gamma': 10.0}, 0.128) achieved score 0.925
2016-04-17 20:07:33,196 - INFO - Model: (kernel: gaussian, kwargs: {'gamma': 10.0}, 0.256) achieved score 0.925
2016-04-17 20:07:33,249 - INFO - Model: (kernel: gaussian, kwargs: {'gamma': 10.0}, 0.512) achieved score 0.925
2016-04-17 20:07:33,323 - INFO - Model: (kernel: gaussian, kwargs: {'gamma': 10.0}, 1.024) achieved score 0.8375
2016-04-17 20:07:33,379 - INFO - Model: (kernel: gaussian, kwargs: {'gamma': 10.0}, 2.048) achieved score 0.8375
2016-04-17 20:07:33,433 - INFO - Model: (kernel: gaussian, kwargs: {'gamma': 10.0}, 4.096) achieved score 0.8375
2016-04-17 20:07:33,488 - INFO - Model: (kernel: gaussian, kwargs: {'gamma': 10.0}, 8.192) achieved score 0.8375
2016-04-17 20:07:33,550 - INFO - Model: (kernel: gaussian, kwargs: {'gamma': 10.0}, 16.384) achieved score 0.8375
2016-04-17 20:07:33,615 - INFO - Model: (kernel: gaussian, kwargs: {'gamma': 10.0}, 32.768) achieved score 0.8375
2016-04-17 20:07:33,674 - INFO - Model: (kernel: gaussian, kwargs: {'gamma': 10.0}, 65.536) achieved score 0.8375
2016-04-17 20:07:33,729 - INFO - Model: (kernel: gaussian, kwargs: {'gamma': 100.0}, 0.001) achieved score 0.525
2016-04-17 20:07:33,817 - INFO - Model: (kernel: gaussian, kwargs: {'gamma': 100.0}, 0.002) achieved score 0.525
2016-04-17 20:07:33,899 - INFO - Model: (kernel: gaussian, kwargs: {'gamma': 100.0}, 0.004) achieved score 0.525
2016-04-17 20:07:33,956 - INFO - Model: (kernel: gaussian, kwargs: {'gamma': 100.0}, 0.008) achieved score 0.525
2016-04-17 20:07:34,091 - INFO - Model: (kernel: gaussian, kwargs: {'gamma': 100.0}, 0.016) achieved score 0.525
2016-04-17 20:07:34,171 - INFO - Model: (kernel: gaussian, kwargs: {'gamma': 100.0}, 0.032) achieved score 0.525
2016-04-17 20:07:34,221 - INFO - Model: (kernel: gaussian, kwargs: {'gamma': 100.0}, 0.064) achieved score 0.525
2016-04-17 20:07:34,279 - INFO - Model: (kernel: gaussian, kwargs: {'gamma': 100.0}, 0.128) achieved score 0.525
2016-04-17 20:07:34,345 - INFO - Model: (kernel: gaussian, kwargs: {'gamma': 100.0}, 0.256) achieved score 0.525
2016-04-17 20:07:34,450 - INFO - Model: (kernel: gaussian, kwargs: {'gamma': 100.0}, 0.512) achieved score 0.525
2016-04-17 20:07:34,524 - INFO - Model: (kernel: gaussian, kwargs: {'gamma': 100.0}, 1.024) achieved score 0.525
2016-04-17 20:07:34,589 - INFO - Model: (kernel: gaussian, kwargs: {'gamma': 100.0}, 2.048) achieved score 0.525
2016-04-17 20:07:34,646 - INFO - Model: (kernel: gaussian, kwargs: {'gamma': 100.0}, 4.096) achieved score 0.525
2016-04-17 20:07:34,696 - INFO - Model: (kernel: gaussian, kwargs: {'gamma': 100.0}, 8.192) achieved score 0.525
2016-04-17 20:07:34,750 - INFO - Model: (kernel: gaussian, kwargs: {'gamma': 100.0}, 16.384) achieved score 0.525
2016-04-17 20:07:34,808 - INFO - Model: (kernel: gaussian, kwargs: {'gamma': 100.0}, 32.768) achieved score 0.525
2016-04-17 20:07:34,884 - INFO - Model: (kernel: gaussian, kwargs: {'gamma': 100.0}, 65.536) achieved score 0.525
2016-04-17 20:07:34,948 - INFO - Model: (kernel: gaussian, kwargs: {'gamma': 1000.0}, 0.001) achieved score 0.5
2016-04-17 20:07:35,032 - INFO - Model: (kernel: gaussian, kwargs: {'gamma': 1000.0}, 0.002) achieved score 0.5
2016-04-17 20:07:35,109 - INFO - Model: (kernel: gaussian, kwargs: {'gamma': 1000.0}, 0.004) achieved score 0.5
2016-04-17 20:07:35,167 - INFO - Model: (kernel: gaussian, kwargs: {'gamma': 1000.0}, 0.008) achieved score 0.5
2016-04-17 20:07:35,224 - INFO - Model: (kernel: gaussian, kwargs: {'gamma': 1000.0}, 0.016) achieved score 0.5
2016-04-17 20:07:35,279 - INFO - Model: (kernel: gaussian, kwargs: {'gamma': 1000.0}, 0.032) achieved score 0.5
2016-04-17 20:07:35,330 - INFO - Model: (kernel: gaussian, kwargs: {'gamma': 1000.0}, 0.064) achieved score 0.5
2016-04-17 20:07:35,383 - INFO - Model: (kernel: gaussian, kwargs: {'gamma': 1000.0}, 0.128) achieved score 0.5
2016-04-17 20:07:35,437 - INFO - Model: (kernel: gaussian, kwargs: {'gamma': 1000.0}, 0.256) achieved score 0.5
2016-04-17 20:07:35,486 - INFO - Model: (kernel: gaussian, kwargs: {'gamma': 1000.0}, 0.512) achieved score 0.525
2016-04-17 20:07:35,541 - INFO - Model: (kernel: gaussian, kwargs: {'gamma': 1000.0}, 1.024) achieved score 0.5
2016-04-17 20:07:35,599 - INFO - Model: (kernel: gaussian, kwargs: {'gamma': 1000.0}, 2.048) achieved score 0.5
2016-04-17 20:07:35,650 - INFO - Model: (kernel: gaussian, kwargs: {'gamma': 1000.0}, 4.096) achieved score 0.5
2016-04-17 20:07:35,701 - INFO - Model: (kernel: gaussian, kwargs: {'gamma': 1000.0}, 8.192) achieved score 0.5
2016-04-17 20:07:35,754 - INFO - Model: (kernel: gaussian, kwargs: {'gamma': 1000.0}, 16.384) achieved score 0.5
2016-04-17 20:07:35,839 - INFO - Model: (kernel: gaussian, kwargs: {'gamma': 1000.0}, 32.768) achieved score 0.5
2016-04-17 20:07:35,910 - INFO - Model: (kernel: gaussian, kwargs: {'gamma': 1000.0}, 65.536) achieved score 0.5
2016-04-17 20:07:35,910 - INFO - Best model: (kernel: gaussian, kwargs: {'gamma': 1.0}, 0.512) achieved score 0.9375
2016-04-17 20:07:35,925 - INFO - Best model achieved score 1.0 on test data
2016-04-17 20:07:35,925 - INFO - Test score: 0.81
